running egg_info
creating ../../build/differential_drive/differential_drive.egg-info
writing ../../build/differential_drive/differential_drive.egg-info/PKG-INFO
writing dependency_links to ../../build/differential_drive/differential_drive.egg-info/dependency_links.txt
writing entry points to ../../build/differential_drive/differential_drive.egg-info/entry_points.txt
writing requirements to ../../build/differential_drive/differential_drive.egg-info/requires.txt
writing top-level names to ../../build/differential_drive/differential_drive.egg-info/top_level.txt
writing manifest file '../../build/differential_drive/differential_drive.egg-info/SOURCES.txt'
reading manifest file '../../build/differential_drive/differential_drive.egg-info/SOURCES.txt'
writing manifest file '../../build/differential_drive/differential_drive.egg-info/SOURCES.txt'
running build
running build_py
creating /home/jeison/T800-SunnyBOT/ros_ws/build/differential_drive/build
creating /home/jeison/T800-SunnyBOT/ros_ws/build/differential_drive/build/lib
creating /home/jeison/T800-SunnyBOT/ros_ws/build/differential_drive/build/lib/differential_drive
copying differential_drive/odometry.py -> /home/jeison/T800-SunnyBOT/ros_ws/build/differential_drive/build/lib/differential_drive
copying differential_drive/__init__.py -> /home/jeison/T800-SunnyBOT/ros_ws/build/differential_drive/build/lib/differential_drive
copying differential_drive/kinematics.py -> /home/jeison/T800-SunnyBOT/ros_ws/build/differential_drive/build/lib/differential_drive
copying differential_drive/virtual_joystick.py -> /home/jeison/T800-SunnyBOT/ros_ws/build/differential_drive/build/lib/differential_drive
copying differential_drive/pid_velocity.py -> /home/jeison/T800-SunnyBOT/ros_ws/build/differential_drive/build/lib/differential_drive
running install
running install_lib
creating /home/jeison/T800-SunnyBOT/ros_ws/install/differential_drive/lib/python3.8/site-packages/differential_drive
copying /home/jeison/T800-SunnyBOT/ros_ws/build/differential_drive/build/lib/differential_drive/odometry.py -> /home/jeison/T800-SunnyBOT/ros_ws/install/differential_drive/lib/python3.8/site-packages/differential_drive
copying /home/jeison/T800-SunnyBOT/ros_ws/build/differential_drive/build/lib/differential_drive/__init__.py -> /home/jeison/T800-SunnyBOT/ros_ws/install/differential_drive/lib/python3.8/site-packages/differential_drive
copying /home/jeison/T800-SunnyBOT/ros_ws/build/differential_drive/build/lib/differential_drive/kinematics.py -> /home/jeison/T800-SunnyBOT/ros_ws/install/differential_drive/lib/python3.8/site-packages/differential_drive
copying /home/jeison/T800-SunnyBOT/ros_ws/build/differential_drive/build/lib/differential_drive/virtual_joystick.py -> /home/jeison/T800-SunnyBOT/ros_ws/install/differential_drive/lib/python3.8/site-packages/differential_drive
copying /home/jeison/T800-SunnyBOT/ros_ws/build/differential_drive/build/lib/differential_drive/pid_velocity.py -> /home/jeison/T800-SunnyBOT/ros_ws/install/differential_drive/lib/python3.8/site-packages/differential_drive
byte-compiling /home/jeison/T800-SunnyBOT/ros_ws/install/differential_drive/lib/python3.8/site-packages/differential_drive/odometry.py to odometry.cpython-38.pyc
byte-compiling /home/jeison/T800-SunnyBOT/ros_ws/install/differential_drive/lib/python3.8/site-packages/differential_drive/__init__.py to __init__.cpython-38.pyc
byte-compiling /home/jeison/T800-SunnyBOT/ros_ws/install/differential_drive/lib/python3.8/site-packages/differential_drive/kinematics.py to kinematics.cpython-38.pyc
byte-compiling /home/jeison/T800-SunnyBOT/ros_ws/install/differential_drive/lib/python3.8/site-packages/differential_drive/virtual_joystick.py to virtual_joystick.cpython-38.pyc
byte-compiling /home/jeison/T800-SunnyBOT/ros_ws/install/differential_drive/lib/python3.8/site-packages/differential_drive/pid_velocity.py to pid_velocity.cpython-38.pyc
running install_data
creating /home/jeison/T800-SunnyBOT/ros_ws/install/differential_drive/share/ament_index
creating /home/jeison/T800-SunnyBOT/ros_ws/install/differential_drive/share/ament_index/resource_index
creating /home/jeison/T800-SunnyBOT/ros_ws/install/differential_drive/share/ament_index/resource_index/packages
copying resource/differential_drive -> /home/jeison/T800-SunnyBOT/ros_ws/install/differential_drive/share/ament_index/resource_index/packages
copying package.xml -> /home/jeison/T800-SunnyBOT/ros_ws/install/differential_drive/share/differential_drive
running install_egg_info
Copying ../../build/differential_drive/differential_drive.egg-info to /home/jeison/T800-SunnyBOT/ros_ws/install/differential_drive/lib/python3.8/site-packages/differential_drive-0.1.0-py3.8.egg-info
running install_scripts
Installing kinematics script to /home/jeison/T800-SunnyBOT/ros_ws/install/differential_drive/lib/differential_drive
Installing odometry script to /home/jeison/T800-SunnyBOT/ros_ws/install/differential_drive/lib/differential_drive
Installing pid_velocity script to /home/jeison/T800-SunnyBOT/ros_ws/install/differential_drive/lib/differential_drive
Installing virtual_joystick script to /home/jeison/T800-SunnyBOT/ros_ws/install/differential_drive/lib/differential_drive
writing list of installed files to '/home/jeison/T800-SunnyBOT/ros_ws/build/differential_drive/install.log'
