[0.261s] Invoking command in '/home/jeison/T800-SunnyBOT/ros_ws/src/differential-drive': PYTHONPATH=/home/jeison/T800-SunnyBOT/ros_ws/install/differential_drive/lib/python3.8/site-packages:${PYTHONPATH} /usr/bin/python3 setup.py egg_info --egg-base ../../build/differential_drive build --build-base /home/jeison/T800-SunnyBOT/ros_ws/build/differential_drive/build install --prefix /home/jeison/T800-SunnyBOT/ros_ws/install/differential_drive --record /home/jeison/T800-SunnyBOT/ros_ws/build/differential_drive/install.log --single-version-externally-managed
[0.518s] running egg_info
[0.519s] creating ../../build/differential_drive/differential_drive.egg-info
[0.519s] writing ../../build/differential_drive/differential_drive.egg-info/PKG-INFO
[0.519s] writing dependency_links to ../../build/differential_drive/differential_drive.egg-info/dependency_links.txt
[0.519s] writing entry points to ../../build/differential_drive/differential_drive.egg-info/entry_points.txt
[0.520s] writing requirements to ../../build/differential_drive/differential_drive.egg-info/requires.txt
[0.520s] writing top-level names to ../../build/differential_drive/differential_drive.egg-info/top_level.txt
[0.539s] writing manifest file '../../build/differential_drive/differential_drive.egg-info/SOURCES.txt'
[0.585s] reading manifest file '../../build/differential_drive/differential_drive.egg-info/SOURCES.txt'
[0.586s] writing manifest file '../../build/differential_drive/differential_drive.egg-info/SOURCES.txt'
[0.586s] running build
[0.587s] running build_py
[0.587s] creating /home/jeison/T800-SunnyBOT/ros_ws/build/differential_drive/build
[0.587s] creating /home/jeison/T800-SunnyBOT/ros_ws/build/differential_drive/build/lib
[0.587s] creating /home/jeison/T800-SunnyBOT/ros_ws/build/differential_drive/build/lib/differential_drive
[0.587s] copying differential_drive/odometry.py -> /home/jeison/T800-SunnyBOT/ros_ws/build/differential_drive/build/lib/differential_drive
[0.587s] copying differential_drive/__init__.py -> /home/jeison/T800-SunnyBOT/ros_ws/build/differential_drive/build/lib/differential_drive
[0.587s] copying differential_drive/kinematics.py -> /home/jeison/T800-SunnyBOT/ros_ws/build/differential_drive/build/lib/differential_drive
[0.587s] copying differential_drive/virtual_joystick.py -> /home/jeison/T800-SunnyBOT/ros_ws/build/differential_drive/build/lib/differential_drive
[0.587s] copying differential_drive/pid_velocity.py -> /home/jeison/T800-SunnyBOT/ros_ws/build/differential_drive/build/lib/differential_drive
[0.587s] running install
[0.588s] running install_lib
[0.589s] creating /home/jeison/T800-SunnyBOT/ros_ws/install/differential_drive/lib/python3.8/site-packages/differential_drive
[0.589s] copying /home/jeison/T800-SunnyBOT/ros_ws/build/differential_drive/build/lib/differential_drive/odometry.py -> /home/jeison/T800-SunnyBOT/ros_ws/install/differential_drive/lib/python3.8/site-packages/differential_drive
[0.589s] copying /home/jeison/T800-SunnyBOT/ros_ws/build/differential_drive/build/lib/differential_drive/__init__.py -> /home/jeison/T800-SunnyBOT/ros_ws/install/differential_drive/lib/python3.8/site-packages/differential_drive
[0.589s] copying /home/jeison/T800-SunnyBOT/ros_ws/build/differential_drive/build/lib/differential_drive/kinematics.py -> /home/jeison/T800-SunnyBOT/ros_ws/install/differential_drive/lib/python3.8/site-packages/differential_drive
[0.590s] copying /home/jeison/T800-SunnyBOT/ros_ws/build/differential_drive/build/lib/differential_drive/virtual_joystick.py -> /home/jeison/T800-SunnyBOT/ros_ws/install/differential_drive/lib/python3.8/site-packages/differential_drive
[0.590s] copying /home/jeison/T800-SunnyBOT/ros_ws/build/differential_drive/build/lib/differential_drive/pid_velocity.py -> /home/jeison/T800-SunnyBOT/ros_ws/install/differential_drive/lib/python3.8/site-packages/differential_drive
[0.590s] byte-compiling /home/jeison/T800-SunnyBOT/ros_ws/install/differential_drive/lib/python3.8/site-packages/differential_drive/odometry.py to odometry.cpython-38.pyc
[0.593s] byte-compiling /home/jeison/T800-SunnyBOT/ros_ws/install/differential_drive/lib/python3.8/site-packages/differential_drive/__init__.py to __init__.cpython-38.pyc
[0.593s] byte-compiling /home/jeison/T800-SunnyBOT/ros_ws/install/differential_drive/lib/python3.8/site-packages/differential_drive/kinematics.py to kinematics.cpython-38.pyc
[0.594s] byte-compiling /home/jeison/T800-SunnyBOT/ros_ws/install/differential_drive/lib/python3.8/site-packages/differential_drive/virtual_joystick.py to virtual_joystick.cpython-38.pyc
[0.595s] byte-compiling /home/jeison/T800-SunnyBOT/ros_ws/install/differential_drive/lib/python3.8/site-packages/differential_drive/pid_velocity.py to pid_velocity.cpython-38.pyc
[0.596s] running install_data
[0.596s] creating /home/jeison/T800-SunnyBOT/ros_ws/install/differential_drive/share/ament_index
[0.597s] creating /home/jeison/T800-SunnyBOT/ros_ws/install/differential_drive/share/ament_index/resource_index
[0.597s] creating /home/jeison/T800-SunnyBOT/ros_ws/install/differential_drive/share/ament_index/resource_index/packages
[0.597s] copying resource/differential_drive -> /home/jeison/T800-SunnyBOT/ros_ws/install/differential_drive/share/ament_index/resource_index/packages
[0.597s] copying package.xml -> /home/jeison/T800-SunnyBOT/ros_ws/install/differential_drive/share/differential_drive
[0.597s] running install_egg_info
[0.599s] Copying ../../build/differential_drive/differential_drive.egg-info to /home/jeison/T800-SunnyBOT/ros_ws/install/differential_drive/lib/python3.8/site-packages/differential_drive-0.1.0-py3.8.egg-info
[0.599s] running install_scripts
[0.618s] Installing kinematics script to /home/jeison/T800-SunnyBOT/ros_ws/install/differential_drive/lib/differential_drive
[0.618s] Installing odometry script to /home/jeison/T800-SunnyBOT/ros_ws/install/differential_drive/lib/differential_drive
[0.618s] Installing pid_velocity script to /home/jeison/T800-SunnyBOT/ros_ws/install/differential_drive/lib/differential_drive
[0.618s] Installing virtual_joystick script to /home/jeison/T800-SunnyBOT/ros_ws/install/differential_drive/lib/differential_drive
[0.619s] writing list of installed files to '/home/jeison/T800-SunnyBOT/ros_ws/build/differential_drive/install.log'
[0.644s] Invoked command in '/home/jeison/T800-SunnyBOT/ros_ws/src/differential-drive' returned '0': PYTHONPATH=/home/jeison/T800-SunnyBOT/ros_ws/install/differential_drive/lib/python3.8/site-packages:${PYTHONPATH} /usr/bin/python3 setup.py egg_info --egg-base ../../build/differential_drive build --build-base /home/jeison/T800-SunnyBOT/ros_ws/build/differential_drive/build install --prefix /home/jeison/T800-SunnyBOT/ros_ws/install/differential_drive --record /home/jeison/T800-SunnyBOT/ros_ws/build/differential_drive/install.log --single-version-externally-managed
