[0.294s] Invoking command in '/home/jeison/T800-SunnyBOT/ros_ws/src/differential-drive': PYTHONPATH=/home/jeison/T800-SunnyBOT/ros_ws/install/differential_drive/lib/python3.8/site-packages:${PYTHONPATH} /usr/bin/python3 setup.py egg_info --egg-base ../../build/differential_drive build --build-base /home/jeison/T800-SunnyBOT/ros_ws/build/differential_drive/build install --prefix /home/jeison/T800-SunnyBOT/ros_ws/install/differential_drive --record /home/jeison/T800-SunnyBOT/ros_ws/build/differential_drive/install.log --single-version-externally-managed
[0.513s] running egg_info
[0.513s] writing ../../build/differential_drive/differential_drive.egg-info/PKG-INFO
[0.513s] writing dependency_links to ../../build/differential_drive/differential_drive.egg-info/dependency_links.txt
[0.513s] writing entry points to ../../build/differential_drive/differential_drive.egg-info/entry_points.txt
[0.513s] writing requirements to ../../build/differential_drive/differential_drive.egg-info/requires.txt
[0.514s] writing top-level names to ../../build/differential_drive/differential_drive.egg-info/top_level.txt
[0.546s] reading manifest file '../../build/differential_drive/differential_drive.egg-info/SOURCES.txt'
[0.546s] writing manifest file '../../build/differential_drive/differential_drive.egg-info/SOURCES.txt'
[0.547s] running build
[0.547s] running build_py
[0.547s] copying differential_drive/odometry.py -> /home/jeison/T800-SunnyBOT/ros_ws/build/differential_drive/build/lib/differential_drive
[0.547s] copying differential_drive/kinematics.py -> /home/jeison/T800-SunnyBOT/ros_ws/build/differential_drive/build/lib/differential_drive
[0.547s] running install
[0.548s] running install_lib
[0.549s] copying /home/jeison/T800-SunnyBOT/ros_ws/build/differential_drive/build/lib/differential_drive/odometry.py -> /home/jeison/T800-SunnyBOT/ros_ws/install/differential_drive/lib/python3.8/site-packages/differential_drive
[0.549s] copying /home/jeison/T800-SunnyBOT/ros_ws/build/differential_drive/build/lib/differential_drive/kinematics.py -> /home/jeison/T800-SunnyBOT/ros_ws/install/differential_drive/lib/python3.8/site-packages/differential_drive
[0.549s] byte-compiling /home/jeison/T800-SunnyBOT/ros_ws/install/differential_drive/lib/python3.8/site-packages/differential_drive/odometry.py to odometry.cpython-38.pyc
[0.552s] byte-compiling /home/jeison/T800-SunnyBOT/ros_ws/install/differential_drive/lib/python3.8/site-packages/differential_drive/kinematics.py to kinematics.cpython-38.pyc
[0.553s] running install_data
[0.553s] running install_egg_info
[0.555s] removing '/home/jeison/T800-SunnyBOT/ros_ws/install/differential_drive/lib/python3.8/site-packages/differential_drive-0.1.0-py3.8.egg-info' (and everything under it)
[0.555s] Copying ../../build/differential_drive/differential_drive.egg-info to /home/jeison/T800-SunnyBOT/ros_ws/install/differential_drive/lib/python3.8/site-packages/differential_drive-0.1.0-py3.8.egg-info
[0.556s] running install_scripts
[0.573s] Installing kinematics script to /home/jeison/T800-SunnyBOT/ros_ws/install/differential_drive/lib/differential_drive
[0.573s] Installing odometry script to /home/jeison/T800-SunnyBOT/ros_ws/install/differential_drive/lib/differential_drive
[0.573s] Installing pid_velocity script to /home/jeison/T800-SunnyBOT/ros_ws/install/differential_drive/lib/differential_drive
[0.573s] Installing virtual_joystick script to /home/jeison/T800-SunnyBOT/ros_ws/install/differential_drive/lib/differential_drive
[0.573s] writing list of installed files to '/home/jeison/T800-SunnyBOT/ros_ws/build/differential_drive/install.log'
[0.600s] Invoked command in '/home/jeison/T800-SunnyBOT/ros_ws/src/differential-drive' returned '0': PYTHONPATH=/home/jeison/T800-SunnyBOT/ros_ws/install/differential_drive/lib/python3.8/site-packages:${PYTHONPATH} /usr/bin/python3 setup.py egg_info --egg-base ../../build/differential_drive build --build-base /home/jeison/T800-SunnyBOT/ros_ws/build/differential_drive/build install --prefix /home/jeison/T800-SunnyBOT/ros_ws/install/differential_drive --record /home/jeison/T800-SunnyBOT/ros_ws/build/differential_drive/install.log --single-version-externally-managed
