[0.144s] DEBUG:colcon:Command line arguments: ['/usr/bin/colcon', 'build']
[0.144s] DEBUG:colcon:Parsed command line arguments: Namespace(ament_cmake_args=None, base_paths=['.'], build_base='build', catkin_cmake_args=None, catkin_skip_building_tests=False, cmake_args=None, cmake_clean_cache=False, cmake_clean_first=False, cmake_force_configure=False, cmake_target=None, cmake_target_skip_unavailable=False, continue_on_error=False, event_handlers=None, executor='parallel', ignore_user_meta=False, install_base='install', log_base=None, log_level=None, main=<bound method BuildVerb.main of <colcon_core.verb.build.BuildVerb object at 0x7f310993f850>>, merge_install=False, metas=['./colcon.meta'], packages_above=None, packages_above_and_dependencies=None, packages_above_depth=None, packages_end=None, packages_ignore=None, packages_ignore_regex=None, packages_select=None, packages_select_build_failed=False, packages_select_by_dep=None, packages_select_regex=None, packages_select_test_failures=False, packages_skip=None, packages_skip_build_finished=False, packages_skip_by_dep=None, packages_skip_regex=None, packages_skip_test_passed=False, packages_skip_up_to=None, packages_start=None, packages_up_to=None, packages_up_to_regex=None, parallel_workers=8, paths=None, symlink_install=False, test_result_base=None, verb_extension=<colcon_core.verb.build.BuildVerb object at 0x7f310993f850>, verb_name='build', verb_parser=<colcon_defaults.argument_parser.defaults.DefaultArgumentsDecorator object at 0x7f310993fdc0>)
[0.149s] Level 1:colcon.colcon_core.package_discovery:discover_packages(colcon_meta) check parameters
[0.149s] Level 1:colcon.colcon_core.package_discovery:discover_packages(recursive) check parameters
[0.149s] Level 1:colcon.colcon_core.package_discovery:discover_packages(ignore) check parameters
[0.149s] Level 1:colcon.colcon_core.package_discovery:discover_packages(path) check parameters
[0.149s] Level 1:colcon.colcon_core.package_discovery:discover_packages(colcon_meta) discover
[0.149s] Level 1:colcon.colcon_core.package_discovery:discover_packages(recursive) discover
[0.149s] INFO:colcon.colcon_core.package_discovery:Crawling recursively for packages in '/home/jeison/T800-SunnyBOT/ros_ws'
[0.149s] Level 1:colcon.colcon_core.package_identification:_identify(.) by extensions ['ignore', 'ignore_ament_install']
[0.150s] Level 1:colcon.colcon_core.package_identification:_identify(.) by extension 'ignore'
[0.150s] Level 1:colcon.colcon_core.package_identification:_identify(.) by extension 'ignore_ament_install'
[0.150s] Level 1:colcon.colcon_core.package_identification:_identify(.) by extensions ['colcon_pkg']
[0.150s] Level 1:colcon.colcon_core.package_identification:_identify(.) by extension 'colcon_pkg'
[0.150s] Level 1:colcon.colcon_core.package_identification:_identify(.) by extensions ['colcon_meta']
[0.150s] Level 1:colcon.colcon_core.package_identification:_identify(.) by extension 'colcon_meta'
[0.150s] Level 1:colcon.colcon_core.package_identification:_identify(.) by extensions ['ros']
[0.150s] Level 1:colcon.colcon_core.package_identification:_identify(.) by extension 'ros'
[0.160s] Level 1:colcon.colcon_core.package_identification:_identify(.) by extensions ['cmake', 'python']
[0.160s] Level 1:colcon.colcon_core.package_identification:_identify(.) by extension 'cmake'
[0.160s] Level 1:colcon.colcon_core.package_identification:_identify(.) by extension 'python'
[0.161s] Level 1:colcon.colcon_core.package_identification:_identify(.) by extensions ['python_setup_py']
[0.161s] Level 1:colcon.colcon_core.package_identification:_identify(.) by extension 'python_setup_py'
[0.161s] Level 1:colcon.colcon_core.package_identification:_identify(build) by extensions ['ignore', 'ignore_ament_install']
[0.161s] Level 1:colcon.colcon_core.package_identification:_identify(build) by extension 'ignore'
[0.161s] Level 1:colcon.colcon_core.package_identification:_identify(build) ignored
[0.161s] Level 1:colcon.colcon_core.package_identification:_identify(install) by extensions ['ignore', 'ignore_ament_install']
[0.161s] Level 1:colcon.colcon_core.package_identification:_identify(install) by extension 'ignore'
[0.161s] Level 1:colcon.colcon_core.package_identification:_identify(install) ignored
[0.161s] Level 1:colcon.colcon_core.package_identification:_identify(log) by extensions ['ignore', 'ignore_ament_install']
[0.161s] Level 1:colcon.colcon_core.package_identification:_identify(log) by extension 'ignore'
[0.161s] Level 1:colcon.colcon_core.package_identification:_identify(log) ignored
[0.161s] Level 1:colcon.colcon_core.package_identification:_identify(src) by extensions ['ignore', 'ignore_ament_install']
[0.161s] Level 1:colcon.colcon_core.package_identification:_identify(src) by extension 'ignore'
[0.162s] Level 1:colcon.colcon_core.package_identification:_identify(src) by extension 'ignore_ament_install'
[0.162s] Level 1:colcon.colcon_core.package_identification:_identify(src) by extensions ['colcon_pkg']
[0.162s] Level 1:colcon.colcon_core.package_identification:_identify(src) by extension 'colcon_pkg'
[0.162s] Level 1:colcon.colcon_core.package_identification:_identify(src) by extensions ['colcon_meta']
[0.162s] Level 1:colcon.colcon_core.package_identification:_identify(src) by extension 'colcon_meta'
[0.162s] Level 1:colcon.colcon_core.package_identification:_identify(src) by extensions ['ros']
[0.162s] Level 1:colcon.colcon_core.package_identification:_identify(src) by extension 'ros'
[0.162s] Level 1:colcon.colcon_core.package_identification:_identify(src) by extensions ['cmake', 'python']
[0.162s] Level 1:colcon.colcon_core.package_identification:_identify(src) by extension 'cmake'
[0.162s] Level 1:colcon.colcon_core.package_identification:_identify(src) by extension 'python'
[0.162s] Level 1:colcon.colcon_core.package_identification:_identify(src) by extensions ['python_setup_py']
[0.162s] Level 1:colcon.colcon_core.package_identification:_identify(src) by extension 'python_setup_py'
[0.162s] Level 1:colcon.colcon_core.package_identification:_identify(src/common) by extensions ['ignore', 'ignore_ament_install']
[0.162s] Level 1:colcon.colcon_core.package_identification:_identify(src/common) by extension 'ignore'
[0.162s] Level 1:colcon.colcon_core.package_identification:_identify(src/common) by extension 'ignore_ament_install'
[0.162s] Level 1:colcon.colcon_core.package_identification:_identify(src/common) by extensions ['colcon_pkg']
[0.162s] Level 1:colcon.colcon_core.package_identification:_identify(src/common) by extension 'colcon_pkg'
[0.162s] Level 1:colcon.colcon_core.package_identification:_identify(src/common) by extensions ['colcon_meta']
[0.162s] Level 1:colcon.colcon_core.package_identification:_identify(src/common) by extension 'colcon_meta'
[0.162s] Level 1:colcon.colcon_core.package_identification:_identify(src/common) by extensions ['ros']
[0.163s] Level 1:colcon.colcon_core.package_identification:_identify(src/common) by extension 'ros'
[0.165s] DEBUG:colcon.colcon_core.package_identification:Package 'src/common' with type 'ros.ament_cmake' and name 'common'
[0.166s] Level 1:colcon.colcon_core.package_identification:_identify(src/differential-drive) by extensions ['ignore', 'ignore_ament_install']
[0.166s] Level 1:colcon.colcon_core.package_identification:_identify(src/differential-drive) by extension 'ignore'
[0.166s] Level 1:colcon.colcon_core.package_identification:_identify(src/differential-drive) by extension 'ignore_ament_install'
[0.166s] Level 1:colcon.colcon_core.package_identification:_identify(src/differential-drive) by extensions ['colcon_pkg']
[0.166s] Level 1:colcon.colcon_core.package_identification:_identify(src/differential-drive) by extension 'colcon_pkg'
[0.166s] Level 1:colcon.colcon_core.package_identification:_identify(src/differential-drive) by extensions ['colcon_meta']
[0.166s] Level 1:colcon.colcon_core.package_identification:_identify(src/differential-drive) by extension 'colcon_meta'
[0.166s] Level 1:colcon.colcon_core.package_identification:_identify(src/differential-drive) by extensions ['ros']
[0.166s] Level 1:colcon.colcon_core.package_identification:_identify(src/differential-drive) by extension 'ros'
[0.167s] DEBUG:colcon.colcon_core.package_identification:Package 'src/differential-drive' with type 'ros.ament_python' and name 'differential_drive'
[0.167s] Level 1:colcon.colcon_core.package_discovery:discover_packages(recursive) using defaults
[0.167s] Level 1:colcon.colcon_core.package_discovery:discover_packages(ignore) discover
[0.167s] Level 1:colcon.colcon_core.package_discovery:discover_packages(ignore) using defaults
[0.167s] Level 1:colcon.colcon_core.package_discovery:discover_packages(path) discover
[0.167s] Level 1:colcon.colcon_core.package_discovery:discover_packages(path) using defaults
[0.185s] Level 5:colcon.colcon_core.verb:set package 'common' build argument 'cmake_args' from command line to 'None'
[0.185s] Level 5:colcon.colcon_core.verb:set package 'common' build argument 'cmake_target' from command line to 'None'
[0.185s] Level 5:colcon.colcon_core.verb:set package 'common' build argument 'cmake_target_skip_unavailable' from command line to 'False'
[0.185s] Level 5:colcon.colcon_core.verb:set package 'common' build argument 'cmake_clean_cache' from command line to 'False'
[0.185s] Level 5:colcon.colcon_core.verb:set package 'common' build argument 'cmake_clean_first' from command line to 'False'
[0.185s] Level 5:colcon.colcon_core.verb:set package 'common' build argument 'cmake_force_configure' from command line to 'False'
[0.185s] Level 5:colcon.colcon_core.verb:set package 'common' build argument 'ament_cmake_args' from command line to 'None'
[0.185s] Level 5:colcon.colcon_core.verb:set package 'common' build argument 'catkin_cmake_args' from command line to 'None'
[0.185s] Level 5:colcon.colcon_core.verb:set package 'common' build argument 'catkin_skip_building_tests' from command line to 'False'
[0.185s] DEBUG:colcon.colcon_core.verb:Building package 'common' with the following arguments: {'ament_cmake_args': None, 'build_base': '/home/jeison/T800-SunnyBOT/ros_ws/build/common', 'catkin_cmake_args': None, 'catkin_skip_building_tests': False, 'cmake_args': None, 'cmake_clean_cache': False, 'cmake_clean_first': False, 'cmake_force_configure': False, 'cmake_target': None, 'cmake_target_skip_unavailable': False, 'install_base': '/home/jeison/T800-SunnyBOT/ros_ws/install/common', 'merge_install': False, 'path': '/home/jeison/T800-SunnyBOT/ros_ws/src/common', 'symlink_install': False, 'test_result_base': None}
[0.188s] Level 5:colcon.colcon_core.verb:set package 'differential_drive' build argument 'cmake_args' from command line to 'None'
[0.188s] Level 5:colcon.colcon_core.verb:set package 'differential_drive' build argument 'cmake_target' from command line to 'None'
[0.188s] Level 5:colcon.colcon_core.verb:set package 'differential_drive' build argument 'cmake_target_skip_unavailable' from command line to 'False'
[0.188s] Level 5:colcon.colcon_core.verb:set package 'differential_drive' build argument 'cmake_clean_cache' from command line to 'False'
[0.188s] Level 5:colcon.colcon_core.verb:set package 'differential_drive' build argument 'cmake_clean_first' from command line to 'False'
[0.188s] Level 5:colcon.colcon_core.verb:set package 'differential_drive' build argument 'cmake_force_configure' from command line to 'False'
[0.188s] Level 5:colcon.colcon_core.verb:set package 'differential_drive' build argument 'ament_cmake_args' from command line to 'None'
[0.188s] Level 5:colcon.colcon_core.verb:set package 'differential_drive' build argument 'catkin_cmake_args' from command line to 'None'
[0.188s] Level 5:colcon.colcon_core.verb:set package 'differential_drive' build argument 'catkin_skip_building_tests' from command line to 'False'
[0.188s] DEBUG:colcon.colcon_core.verb:Building package 'differential_drive' with the following arguments: {'ament_cmake_args': None, 'build_base': '/home/jeison/T800-SunnyBOT/ros_ws/build/differential_drive', 'catkin_cmake_args': None, 'catkin_skip_building_tests': False, 'cmake_args': None, 'cmake_clean_cache': False, 'cmake_clean_first': False, 'cmake_force_configure': False, 'cmake_target': None, 'cmake_target_skip_unavailable': False, 'install_base': '/home/jeison/T800-SunnyBOT/ros_ws/install/differential_drive', 'merge_install': False, 'path': '/home/jeison/T800-SunnyBOT/ros_ws/src/differential-drive', 'symlink_install': False, 'test_result_base': None}
[0.188s] INFO:colcon.colcon_core.executor:Executing jobs using 'parallel' executor
[0.190s] DEBUG:colcon.colcon_parallel_executor.executor.parallel:run_until_complete
[0.190s] INFO:colcon.colcon_ros.task.ament_cmake.build:Building ROS package in '/home/jeison/T800-SunnyBOT/ros_ws/src/common' with build type 'ament_cmake'
[0.190s] INFO:colcon.colcon_cmake.task.cmake.build:Building CMake package in '/home/jeison/T800-SunnyBOT/ros_ws/src/common'
[0.194s] INFO:colcon.colcon_core.plugin_system:Skipping extension 'colcon_core.shell.bat': Not used on non-Windows systems
[0.194s] INFO:colcon.colcon_core.shell:Skip shell extension 'powershell' for command environment: Not usable outside of PowerShell
[0.194s] DEBUG:colcon.colcon_core.shell:Skip shell extension 'dsv' for command environment
[0.196s] DEBUG:colcon.colcon_core.shell:Ignoring prefix path '/opt/ros/foxy'
[0.200s] INFO:colcon.colcon_ros.task.ament_python.build:Building ROS package in '/home/jeison/T800-SunnyBOT/ros_ws/src/differential-drive' with build type 'ament_python'
[0.200s] Level 1:colcon.colcon_core.shell:create_environment_hook('differential_drive', 'ament_prefix_path')
[0.201s] INFO:colcon.colcon_core.shell:Creating environment hook '/home/jeison/T800-SunnyBOT/ros_ws/install/differential_drive/share/differential_drive/hook/ament_prefix_path.ps1'
[0.203s] INFO:colcon.colcon_core.shell:Creating environment descriptor '/home/jeison/T800-SunnyBOT/ros_ws/install/differential_drive/share/differential_drive/hook/ament_prefix_path.dsv'
[0.203s] INFO:colcon.colcon_core.shell:Creating environment hook '/home/jeison/T800-SunnyBOT/ros_ws/install/differential_drive/share/differential_drive/hook/ament_prefix_path.sh'
[0.205s] INFO:colcon.colcon_core.shell:Skip shell extension 'powershell' for command environment: Not usable outside of PowerShell
[0.205s] DEBUG:colcon.colcon_core.shell:Skip shell extension 'dsv' for command environment
[0.206s] DEBUG:colcon.colcon_core.shell:Ignoring prefix path '/opt/ros/foxy'
[0.218s] DEBUG:colcon.colcon_core.event_handler.log_command:Invoking command in '/home/jeison/T800-SunnyBOT/ros_ws/build/common': CMAKE_PREFIX_PATH=/opt/ros/foxy /usr/bin/cmake /home/jeison/T800-SunnyBOT/ros_ws/src/common -DCMAKE_INSTALL_PREFIX=/home/jeison/T800-SunnyBOT/ros_ws/install/common
[0.453s] INFO:colcon.colcon_core.task.python.build:Building Python package in '/home/jeison/T800-SunnyBOT/ros_ws/src/differential-drive'
[0.454s] INFO:colcon.colcon_core.shell:Skip shell extension 'powershell' for command environment: Not usable outside of PowerShell
[0.454s] DEBUG:colcon.colcon_core.shell:Skip shell extension 'dsv' for command environment
[0.456s] DEBUG:colcon.colcon_core.shell:Ignoring prefix path '/opt/ros/foxy'
[0.464s] DEBUG:colcon.colcon_core.event_handler.log_command:Invoking command in '/home/jeison/T800-SunnyBOT/ros_ws/src/differential-drive': PYTHONPATH=/home/jeison/T800-SunnyBOT/ros_ws/install/differential_drive/lib/python3.8/site-packages:${PYTHONPATH} /usr/bin/python3 setup.py egg_info --egg-base ../../build/differential_drive build --build-base /home/jeison/T800-SunnyBOT/ros_ws/build/differential_drive/build install --prefix /home/jeison/T800-SunnyBOT/ros_ws/install/differential_drive --record /home/jeison/T800-SunnyBOT/ros_ws/build/differential_drive/install.log --single-version-externally-managed
[0.774s] DEBUG:colcon.colcon_core.event_handler.log_command:Invoked command in '/home/jeison/T800-SunnyBOT/ros_ws/src/differential-drive' returned '0': PYTHONPATH=/home/jeison/T800-SunnyBOT/ros_ws/install/differential_drive/lib/python3.8/site-packages:${PYTHONPATH} /usr/bin/python3 setup.py egg_info --egg-base ../../build/differential_drive build --build-base /home/jeison/T800-SunnyBOT/ros_ws/build/differential_drive/build install --prefix /home/jeison/T800-SunnyBOT/ros_ws/install/differential_drive --record /home/jeison/T800-SunnyBOT/ros_ws/build/differential_drive/install.log --single-version-externally-managed
[0.778s] Level 1:colcon.colcon_core.environment:checking '/home/jeison/T800-SunnyBOT/ros_ws/install/differential_drive' for CMake module files
[0.779s] Level 1:colcon.colcon_core.environment:checking '/home/jeison/T800-SunnyBOT/ros_ws/install/differential_drive' for CMake config files
[0.780s] Level 1:colcon.colcon_core.environment:checking '/home/jeison/T800-SunnyBOT/ros_ws/install/differential_drive/lib'
[0.781s] Level 1:colcon.colcon_core.environment:checking '/home/jeison/T800-SunnyBOT/ros_ws/install/differential_drive/bin'
[0.781s] Level 1:colcon.colcon_core.environment:checking '/home/jeison/T800-SunnyBOT/ros_ws/install/differential_drive/lib/pkgconfig/differential_drive.pc'
[0.781s] Level 1:colcon.colcon_core.environment:checking '/home/jeison/T800-SunnyBOT/ros_ws/install/differential_drive/lib/python3.8/site-packages'
[0.781s] Level 1:colcon.colcon_core.shell:create_environment_hook('differential_drive', 'pythonpath')
[0.782s] INFO:colcon.colcon_core.shell:Creating environment hook '/home/jeison/T800-SunnyBOT/ros_ws/install/differential_drive/share/differential_drive/hook/pythonpath.ps1'
[0.783s] INFO:colcon.colcon_core.shell:Creating environment descriptor '/home/jeison/T800-SunnyBOT/ros_ws/install/differential_drive/share/differential_drive/hook/pythonpath.dsv'
[0.783s] INFO:colcon.colcon_core.shell:Creating environment hook '/home/jeison/T800-SunnyBOT/ros_ws/install/differential_drive/share/differential_drive/hook/pythonpath.sh'
[0.784s] Level 1:colcon.colcon_core.environment:create_environment_scripts_only(differential_drive)
[0.785s] INFO:colcon.colcon_core.shell:Creating package script '/home/jeison/T800-SunnyBOT/ros_ws/install/differential_drive/share/differential_drive/package.ps1'
[0.788s] INFO:colcon.colcon_core.shell:Creating package descriptor '/home/jeison/T800-SunnyBOT/ros_ws/install/differential_drive/share/differential_drive/package.dsv'
[0.789s] INFO:colcon.colcon_core.shell:Creating package script '/home/jeison/T800-SunnyBOT/ros_ws/install/differential_drive/share/differential_drive/package.sh'
[0.790s] INFO:colcon.colcon_core.shell:Creating package script '/home/jeison/T800-SunnyBOT/ros_ws/install/differential_drive/share/differential_drive/package.bash'
[0.791s] INFO:colcon.colcon_core.shell:Creating package script '/home/jeison/T800-SunnyBOT/ros_ws/install/differential_drive/share/differential_drive/package.zsh'
[0.793s] Level 1:colcon.colcon_core.environment:create_file_with_runtime_dependencies(/home/jeison/T800-SunnyBOT/ros_ws/install/differential_drive/share/colcon-core/packages/differential_drive)
[1.832s] DEBUG:colcon.colcon_core.event_handler.log_command:Invoked command in '/home/jeison/T800-SunnyBOT/ros_ws/build/common' returned '0': CMAKE_PREFIX_PATH=/opt/ros/foxy /usr/bin/cmake /home/jeison/T800-SunnyBOT/ros_ws/src/common -DCMAKE_INSTALL_PREFIX=/home/jeison/T800-SunnyBOT/ros_ws/install/common
[1.835s] DEBUG:colcon.colcon_core.event_handler.log_command:Invoking command in '/home/jeison/T800-SunnyBOT/ros_ws/build/common': CMAKE_PREFIX_PATH=/opt/ros/foxy /usr/bin/cmake --build /home/jeison/T800-SunnyBOT/ros_ws/build/common -- -j8 -l8
[5.635s] DEBUG:colcon.colcon_core.event_handler.log_command:Invoked command in '/home/jeison/T800-SunnyBOT/ros_ws/build/common' returned '0': CMAKE_PREFIX_PATH=/opt/ros/foxy /usr/bin/cmake --build /home/jeison/T800-SunnyBOT/ros_ws/build/common -- -j8 -l8
[5.692s] DEBUG:colcon.colcon_core.event_handler.log_command:Invoking command in '/home/jeison/T800-SunnyBOT/ros_ws/build/common': CMAKE_PREFIX_PATH=/opt/ros/foxy /usr/bin/cmake --install /home/jeison/T800-SunnyBOT/ros_ws/build/common
[5.785s] Level 1:colcon.colcon_core.environment:create_environment_scripts_only(common)
[5.786s] Level 1:colcon.colcon_core.environment:checking '/home/jeison/T800-SunnyBOT/ros_ws/install/common' for CMake module files
[5.787s] DEBUG:colcon.colcon_core.event_handler.log_command:Invoked command in '/home/jeison/T800-SunnyBOT/ros_ws/build/common' returned '0': CMAKE_PREFIX_PATH=/opt/ros/foxy /usr/bin/cmake --install /home/jeison/T800-SunnyBOT/ros_ws/build/common
[5.787s] Level 1:colcon.colcon_core.environment:checking '/home/jeison/T800-SunnyBOT/ros_ws/install/common' for CMake config files
[5.788s] Level 1:colcon.colcon_core.shell:create_environment_hook('common', 'cmake_prefix_path')
[5.788s] INFO:colcon.colcon_core.shell:Creating environment hook '/home/jeison/T800-SunnyBOT/ros_ws/install/common/share/common/hook/cmake_prefix_path.ps1'
[5.789s] INFO:colcon.colcon_core.shell:Creating environment descriptor '/home/jeison/T800-SunnyBOT/ros_ws/install/common/share/common/hook/cmake_prefix_path.dsv'
[5.789s] INFO:colcon.colcon_core.shell:Creating environment hook '/home/jeison/T800-SunnyBOT/ros_ws/install/common/share/common/hook/cmake_prefix_path.sh'
[5.789s] Level 1:colcon.colcon_core.environment:checking '/home/jeison/T800-SunnyBOT/ros_ws/install/common/lib'
[5.790s] Level 1:colcon.colcon_core.shell:create_environment_hook('common', 'ld_library_path_lib')
[5.790s] INFO:colcon.colcon_core.shell:Creating environment hook '/home/jeison/T800-SunnyBOT/ros_ws/install/common/share/common/hook/ld_library_path_lib.ps1'
[5.790s] INFO:colcon.colcon_core.shell:Creating environment descriptor '/home/jeison/T800-SunnyBOT/ros_ws/install/common/share/common/hook/ld_library_path_lib.dsv'
[5.791s] INFO:colcon.colcon_core.shell:Creating environment hook '/home/jeison/T800-SunnyBOT/ros_ws/install/common/share/common/hook/ld_library_path_lib.sh'
[5.791s] Level 1:colcon.colcon_core.environment:checking '/home/jeison/T800-SunnyBOT/ros_ws/install/common/bin'
[5.791s] Level 1:colcon.colcon_core.environment:checking '/home/jeison/T800-SunnyBOT/ros_ws/install/common/lib/pkgconfig/common.pc'
[5.791s] Level 1:colcon.colcon_core.environment:checking '/home/jeison/T800-SunnyBOT/ros_ws/install/common/lib/python3.8/site-packages'
[5.791s] Level 1:colcon.colcon_core.shell:create_environment_hook('common', 'pythonpath')
[5.792s] INFO:colcon.colcon_core.shell:Creating environment hook '/home/jeison/T800-SunnyBOT/ros_ws/install/common/share/common/hook/pythonpath.ps1'
[5.792s] INFO:colcon.colcon_core.shell:Creating environment descriptor '/home/jeison/T800-SunnyBOT/ros_ws/install/common/share/common/hook/pythonpath.dsv'
[5.792s] INFO:colcon.colcon_core.shell:Creating environment hook '/home/jeison/T800-SunnyBOT/ros_ws/install/common/share/common/hook/pythonpath.sh'
[5.793s] INFO:colcon.colcon_core.shell:Creating package script '/home/jeison/T800-SunnyBOT/ros_ws/install/common/share/common/package.ps1'
[5.794s] INFO:colcon.colcon_core.shell:Creating package descriptor '/home/jeison/T800-SunnyBOT/ros_ws/install/common/share/common/package.dsv'
[5.794s] INFO:colcon.colcon_core.shell:Creating package script '/home/jeison/T800-SunnyBOT/ros_ws/install/common/share/common/package.sh'
[5.795s] INFO:colcon.colcon_core.shell:Creating package script '/home/jeison/T800-SunnyBOT/ros_ws/install/common/share/common/package.bash'
[5.795s] INFO:colcon.colcon_core.shell:Creating package script '/home/jeison/T800-SunnyBOT/ros_ws/install/common/share/common/package.zsh'
[5.795s] Level 1:colcon.colcon_core.environment:create_file_with_runtime_dependencies(/home/jeison/T800-SunnyBOT/ros_ws/install/common/share/colcon-core/packages/common)
[5.842s] Level 1:colcon.colcon_core.environment:create_environment_scripts_only(common)
[5.843s] Level 1:colcon.colcon_core.environment:checking '/home/jeison/T800-SunnyBOT/ros_ws/install/common' for CMake module files
[5.844s] Level 1:colcon.colcon_core.environment:checking '/home/jeison/T800-SunnyBOT/ros_ws/install/common' for CMake config files
[5.844s] Level 1:colcon.colcon_core.shell:create_environment_hook('common', 'cmake_prefix_path')
[5.845s] INFO:colcon.colcon_core.shell:Creating environment hook '/home/jeison/T800-SunnyBOT/ros_ws/install/common/share/common/hook/cmake_prefix_path.ps1'
[5.845s] INFO:colcon.colcon_core.shell:Creating environment descriptor '/home/jeison/T800-SunnyBOT/ros_ws/install/common/share/common/hook/cmake_prefix_path.dsv'
[5.846s] INFO:colcon.colcon_core.shell:Creating environment hook '/home/jeison/T800-SunnyBOT/ros_ws/install/common/share/common/hook/cmake_prefix_path.sh'
[5.846s] Level 1:colcon.colcon_core.environment:checking '/home/jeison/T800-SunnyBOT/ros_ws/install/common/lib'
[5.846s] Level 1:colcon.colcon_core.shell:create_environment_hook('common', 'ld_library_path_lib')
[5.847s] INFO:colcon.colcon_core.shell:Creating environment hook '/home/jeison/T800-SunnyBOT/ros_ws/install/common/share/common/hook/ld_library_path_lib.ps1'
[5.847s] INFO:colcon.colcon_core.shell:Creating environment descriptor '/home/jeison/T800-SunnyBOT/ros_ws/install/common/share/common/hook/ld_library_path_lib.dsv'
[5.847s] INFO:colcon.colcon_core.shell:Creating environment hook '/home/jeison/T800-SunnyBOT/ros_ws/install/common/share/common/hook/ld_library_path_lib.sh'
[5.848s] Level 1:colcon.colcon_core.environment:checking '/home/jeison/T800-SunnyBOT/ros_ws/install/common/bin'
[5.848s] Level 1:colcon.colcon_core.environment:checking '/home/jeison/T800-SunnyBOT/ros_ws/install/common/lib/pkgconfig/common.pc'
[5.848s] Level 1:colcon.colcon_core.environment:checking '/home/jeison/T800-SunnyBOT/ros_ws/install/common/lib/python3.8/site-packages'
[5.848s] Level 1:colcon.colcon_core.shell:create_environment_hook('common', 'pythonpath')
[5.848s] INFO:colcon.colcon_core.shell:Creating environment hook '/home/jeison/T800-SunnyBOT/ros_ws/install/common/share/common/hook/pythonpath.ps1'
[5.849s] INFO:colcon.colcon_core.shell:Creating environment descriptor '/home/jeison/T800-SunnyBOT/ros_ws/install/common/share/common/hook/pythonpath.dsv'
[5.849s] INFO:colcon.colcon_core.shell:Creating environment hook '/home/jeison/T800-SunnyBOT/ros_ws/install/common/share/common/hook/pythonpath.sh'
[5.850s] INFO:colcon.colcon_core.shell:Creating package script '/home/jeison/T800-SunnyBOT/ros_ws/install/common/share/common/package.ps1'
[5.850s] INFO:colcon.colcon_core.shell:Creating package descriptor '/home/jeison/T800-SunnyBOT/ros_ws/install/common/share/common/package.dsv'
[5.851s] INFO:colcon.colcon_core.shell:Creating package script '/home/jeison/T800-SunnyBOT/ros_ws/install/common/share/common/package.sh'
[5.851s] INFO:colcon.colcon_core.shell:Creating package script '/home/jeison/T800-SunnyBOT/ros_ws/install/common/share/common/package.bash'
[5.852s] INFO:colcon.colcon_core.shell:Creating package script '/home/jeison/T800-SunnyBOT/ros_ws/install/common/share/common/package.zsh'
[5.852s] Level 1:colcon.colcon_core.environment:create_file_with_runtime_dependencies(/home/jeison/T800-SunnyBOT/ros_ws/install/common/share/colcon-core/packages/common)
[5.852s] DEBUG:colcon.colcon_parallel_executor.executor.parallel:closing loop
[5.853s] DEBUG:colcon.colcon_parallel_executor.executor.parallel:loop closed
[5.853s] DEBUG:colcon.colcon_parallel_executor.executor.parallel:run_until_complete finished with '0'
[5.853s] DEBUG:colcon.colcon_core.event_reactor:joining thread
[5.859s] INFO:colcon.colcon_core.plugin_system:Skipping extension 'colcon_notification.desktop_notification.terminal_notifier': Not used on non-Darwin systems
[5.859s] INFO:colcon.colcon_core.plugin_system:Skipping extension 'colcon_notification.desktop_notification.win32': Not used on non-Windows systems
[5.859s] INFO:colcon.colcon_notification.desktop_notification:Sending desktop notification using 'notify2'
[5.875s] DEBUG:colcon.colcon_core.event_reactor:joined thread
[5.876s] INFO:colcon.colcon_core.shell:Creating prefix script '/home/jeison/T800-SunnyBOT/ros_ws/install/local_setup.ps1'
[5.877s] INFO:colcon.colcon_core.shell:Creating prefix util module '/home/jeison/T800-SunnyBOT/ros_ws/install/_local_setup_util_ps1.py'
[5.878s] INFO:colcon.colcon_core.shell:Creating prefix chain script '/home/jeison/T800-SunnyBOT/ros_ws/install/setup.ps1'
[5.880s] INFO:colcon.colcon_core.shell:Creating prefix script '/home/jeison/T800-SunnyBOT/ros_ws/install/local_setup.sh'
[5.881s] INFO:colcon.colcon_core.shell:Creating prefix util module '/home/jeison/T800-SunnyBOT/ros_ws/install/_local_setup_util_sh.py'
[5.881s] INFO:colcon.colcon_core.shell:Creating prefix chain script '/home/jeison/T800-SunnyBOT/ros_ws/install/setup.sh'
[5.883s] INFO:colcon.colcon_core.shell:Creating prefix script '/home/jeison/T800-SunnyBOT/ros_ws/install/local_setup.bash'
[5.884s] INFO:colcon.colcon_core.shell:Creating prefix chain script '/home/jeison/T800-SunnyBOT/ros_ws/install/setup.bash'
[5.886s] INFO:colcon.colcon_core.shell:Creating prefix script '/home/jeison/T800-SunnyBOT/ros_ws/install/local_setup.zsh'
[5.886s] INFO:colcon.colcon_core.shell:Creating prefix chain script '/home/jeison/T800-SunnyBOT/ros_ws/install/setup.zsh'
