[0.024s] Invoking command in '/home/jeison/T800-SunnyBOT/ros_ws/build/common': CMAKE_PREFIX_PATH=${CMAKE_PREFIX_PATH}:/home/jeison/T800-SunnyBOT/ros_ws/install/differential_drive:/opt/ros/foxy /usr/bin/cmake --build /home/jeison/T800-SunnyBOT/ros_ws/build/common -- -j8 -l8
[0.083s] [  3%] Built target common__cpp
[0.083s] [ 12%] Built target common__rosidl_generator_c
[0.113s] [ 22%] Built target common__rosidl_typesupport_cpp
[0.114s] [ 32%] Built target common__rosidl_typesupport_introspection_cpp
[0.117s] [ 41%] Built target common__rosidl_typesupport_c
[0.118s] [ 51%] Built target common__rosidl_typesupport_fastrtps_cpp
[0.119s] [ 61%] Built target common__rosidl_typesupport_introspection_c
[0.148s] [ 70%] Built target common__rosidl_typesupport_fastrtps_c
[0.169s] [ 70%] Built target common
[0.191s] [ 74%] Built target common__py
[0.220s] [ 80%] Built target common__python
[0.250s] [100%] Built target common__rosidl_typesupport_fastrtps_c__pyext
[0.250s] [100%] Built target common__rosidl_typesupport_introspection_c__pyext
[0.250s] [100%] Built target common__rosidl_typesupport_c__pyext
[0.300s] Invoked command in '/home/jeison/T800-SunnyBOT/ros_ws/build/common' returned '0': CMAKE_PREFIX_PATH=${CMAKE_PREFIX_PATH}:/home/jeison/T800-SunnyBOT/ros_ws/install/differential_drive:/opt/ros/foxy /usr/bin/cmake --build /home/jeison/T800-SunnyBOT/ros_ws/build/common -- -j8 -l8
[0.362s] Invoking command in '/home/jeison/T800-SunnyBOT/ros_ws/build/common': CMAKE_PREFIX_PATH=${CMAKE_PREFIX_PATH}:/home/jeison/T800-SunnyBOT/ros_ws/install/differential_drive:/opt/ros/foxy /usr/bin/cmake --install /home/jeison/T800-SunnyBOT/ros_ws/build/common
[0.371s] -- Install configuration: ""
[0.372s] -- Up-to-date: /home/jeison/T800-SunnyBOT/ros_ws/install/common/share/ament_index/resource_index/rosidl_interfaces/common
[0.372s] -- Up-to-date: /home/jeison/T800-SunnyBOT/ros_ws/install/common/include/common
[0.372s] -- Up-to-date: /home/jeison/T800-SunnyBOT/ros_ws/install/common/include/common/msg
[0.372s] -- Up-to-date: /home/jeison/T800-SunnyBOT/ros_ws/install/common/include/common/msg/rosidl_generator_c__visibility_control.h
[0.372s] -- Up-to-date: /home/jeison/T800-SunnyBOT/ros_ws/install/common/include/common/msg/detail
[0.372s] -- Up-to-date: /home/jeison/T800-SunnyBOT/ros_ws/install/common/include/common/msg/detail/wheels__struct.h
[0.372s] -- Up-to-date: /home/jeison/T800-SunnyBOT/ros_ws/install/common/include/common/msg/detail/wheels__functions.c
[0.372s] -- Up-to-date: /home/jeison/T800-SunnyBOT/ros_ws/install/common/include/common/msg/detail/wheels__functions.h
[0.372s] -- Up-to-date: /home/jeison/T800-SunnyBOT/ros_ws/install/common/include/common/msg/detail/wheels__type_support.h
[0.372s] -- Up-to-date: /home/jeison/T800-SunnyBOT/ros_ws/install/common/include/common/msg/wheels.h
[0.372s] -- Up-to-date: /home/jeison/T800-SunnyBOT/ros_ws/install/common/share/common/environment/library_path.sh
[0.373s] -- Up-to-date: /home/jeison/T800-SunnyBOT/ros_ws/install/common/share/common/environment/library_path.dsv
[0.373s] -- Up-to-date: /home/jeison/T800-SunnyBOT/ros_ws/install/common/lib/libcommon__rosidl_generator_c.so
[0.373s] -- Up-to-date: /home/jeison/T800-SunnyBOT/ros_ws/install/common/include/common
[0.373s] -- Up-to-date: /home/jeison/T800-SunnyBOT/ros_ws/install/common/include/common/msg
[0.373s] -- Up-to-date: /home/jeison/T800-SunnyBOT/ros_ws/install/common/include/common/msg/rosidl_typesupport_fastrtps_c__visibility_control.h
[0.373s] -- Up-to-date: /home/jeison/T800-SunnyBOT/ros_ws/install/common/include/common/msg/detail
[0.373s] -- Up-to-date: /home/jeison/T800-SunnyBOT/ros_ws/install/common/include/common/msg/detail/wheels__rosidl_typesupport_fastrtps_c.h
[0.373s] -- Up-to-date: /home/jeison/T800-SunnyBOT/ros_ws/install/common/lib/libcommon__rosidl_typesupport_fastrtps_c.so
[0.373s] -- Up-to-date: /home/jeison/T800-SunnyBOT/ros_ws/install/common/include/common
[0.373s] -- Up-to-date: /home/jeison/T800-SunnyBOT/ros_ws/install/common/include/common/msg
[0.373s] -- Up-to-date: /home/jeison/T800-SunnyBOT/ros_ws/install/common/include/common/msg/rosidl_typesupport_fastrtps_cpp__visibility_control.h
[0.374s] -- Up-to-date: /home/jeison/T800-SunnyBOT/ros_ws/install/common/include/common/msg/detail
[0.374s] -- Up-to-date: /home/jeison/T800-SunnyBOT/ros_ws/install/common/include/common/msg/detail/dds_fastrtps
[0.374s] -- Up-to-date: /home/jeison/T800-SunnyBOT/ros_ws/install/common/include/common/msg/detail/wheels__rosidl_typesupport_fastrtps_cpp.hpp
[0.374s] -- Up-to-date: /home/jeison/T800-SunnyBOT/ros_ws/install/common/lib/libcommon__rosidl_typesupport_fastrtps_cpp.so
[0.374s] -- Up-to-date: /home/jeison/T800-SunnyBOT/ros_ws/install/common/include/common
[0.374s] -- Up-to-date: /home/jeison/T800-SunnyBOT/ros_ws/install/common/include/common/msg
[0.374s] -- Up-to-date: /home/jeison/T800-SunnyBOT/ros_ws/install/common/include/common/msg/detail
[0.374s] -- Up-to-date: /home/jeison/T800-SunnyBOT/ros_ws/install/common/include/common/msg/detail/wheels__rosidl_typesupport_introspection_c.h
[0.374s] -- Up-to-date: /home/jeison/T800-SunnyBOT/ros_ws/install/common/include/common/msg/detail/wheels__type_support.c
[0.374s] -- Up-to-date: /home/jeison/T800-SunnyBOT/ros_ws/install/common/include/common/msg/rosidl_typesupport_introspection_c__visibility_control.h
[0.374s] -- Up-to-date: /home/jeison/T800-SunnyBOT/ros_ws/install/common/lib/libcommon__rosidl_typesupport_introspection_c.so
[0.374s] -- Up-to-date: /home/jeison/T800-SunnyBOT/ros_ws/install/common/lib/libcommon__rosidl_typesupport_c.so
[0.375s] -- Up-to-date: /home/jeison/T800-SunnyBOT/ros_ws/install/common/include/common
[0.375s] -- Up-to-date: /home/jeison/T800-SunnyBOT/ros_ws/install/common/include/common/msg
[0.375s] -- Up-to-date: /home/jeison/T800-SunnyBOT/ros_ws/install/common/include/common/msg/detail
[0.375s] -- Up-to-date: /home/jeison/T800-SunnyBOT/ros_ws/install/common/include/common/msg/detail/wheels__struct.hpp
[0.375s] -- Up-to-date: /home/jeison/T800-SunnyBOT/ros_ws/install/common/include/common/msg/detail/wheels__traits.hpp
[0.375s] -- Up-to-date: /home/jeison/T800-SunnyBOT/ros_ws/install/common/include/common/msg/detail/wheels__builder.hpp
[0.375s] -- Up-to-date: /home/jeison/T800-SunnyBOT/ros_ws/install/common/include/common/msg/wheels.hpp
[0.375s] -- Up-to-date: /home/jeison/T800-SunnyBOT/ros_ws/install/common/include/common
[0.375s] -- Up-to-date: /home/jeison/T800-SunnyBOT/ros_ws/install/common/include/common/msg
[0.376s] -- Up-to-date: /home/jeison/T800-SunnyBOT/ros_ws/install/common/include/common/msg/detail
[0.376s] -- Up-to-date: /home/jeison/T800-SunnyBOT/ros_ws/install/common/include/common/msg/detail/wheels__rosidl_typesupport_introspection_cpp.hpp
[0.376s] -- Up-to-date: /home/jeison/T800-SunnyBOT/ros_ws/install/common/include/common/msg/detail/wheels__type_support.cpp
[0.376s] -- Up-to-date: /home/jeison/T800-SunnyBOT/ros_ws/install/common/lib/libcommon__rosidl_typesupport_introspection_cpp.so
[0.376s] -- Up-to-date: /home/jeison/T800-SunnyBOT/ros_ws/install/common/lib/libcommon__rosidl_typesupport_cpp.so
[0.376s] -- Up-to-date: /home/jeison/T800-SunnyBOT/ros_ws/install/common/share/common/environment/pythonpath.sh
[0.376s] -- Up-to-date: /home/jeison/T800-SunnyBOT/ros_ws/install/common/share/common/environment/pythonpath.dsv
[0.376s] -- Up-to-date: /home/jeison/T800-SunnyBOT/ros_ws/install/common/lib/python3.8/site-packages/common/__init__.py
[0.411s] -- Up-to-date: /home/jeison/T800-SunnyBOT/ros_ws/install/common/lib/python3.8/site-packages/common/msg
[0.411s] -- Up-to-date: /home/jeison/T800-SunnyBOT/ros_ws/install/common/lib/python3.8/site-packages/common/msg/_wheels.py
[0.411s] -- Up-to-date: /home/jeison/T800-SunnyBOT/ros_ws/install/common/lib/python3.8/site-packages/common/msg/__init__.py
[0.411s] -- Up-to-date: /home/jeison/T800-SunnyBOT/ros_ws/install/common/lib/python3.8/site-packages/common/msg/_wheels_s.c
[0.411s] -- Up-to-date: /home/jeison/T800-SunnyBOT/ros_ws/install/common/lib/python3.8/site-packages/common/common_s__rosidl_typesupport_fastrtps_c.cpython-38-x86_64-linux-gnu.so
[0.412s] -- Up-to-date: /home/jeison/T800-SunnyBOT/ros_ws/install/common/lib/python3.8/site-packages/common/common_s__rosidl_typesupport_introspection_c.cpython-38-x86_64-linux-gnu.so
[0.412s] -- Up-to-date: /home/jeison/T800-SunnyBOT/ros_ws/install/common/lib/python3.8/site-packages/common/common_s__rosidl_typesupport_c.cpython-38-x86_64-linux-gnu.so
[0.413s] -- Up-to-date: /home/jeison/T800-SunnyBOT/ros_ws/install/common/lib/libcommon__python.so
[0.413s] -- Up-to-date: /home/jeison/T800-SunnyBOT/ros_ws/install/common/share/common/msg/Wheels.idl
[0.413s] -- Up-to-date: /home/jeison/T800-SunnyBOT/ros_ws/install/common/share/common/msg/Wheels.msg
[0.414s] -- Up-to-date: /home/jeison/T800-SunnyBOT/ros_ws/install/common/share/ament_index/resource_index/package_run_dependencies/common
[0.414s] -- Up-to-date: /home/jeison/T800-SunnyBOT/ros_ws/install/common/share/ament_index/resource_index/parent_prefix_path/common
[0.414s] -- Up-to-date: /home/jeison/T800-SunnyBOT/ros_ws/install/common/share/common/environment/ament_prefix_path.sh
[0.414s] -- Up-to-date: /home/jeison/T800-SunnyBOT/ros_ws/install/common/share/common/environment/ament_prefix_path.dsv
[0.414s] -- Up-to-date: /home/jeison/T800-SunnyBOT/ros_ws/install/common/share/common/environment/path.sh
[0.414s] -- Up-to-date: /home/jeison/T800-SunnyBOT/ros_ws/install/common/share/common/environment/path.dsv
[0.414s] -- Up-to-date: /home/jeison/T800-SunnyBOT/ros_ws/install/common/share/common/local_setup.bash
[0.414s] -- Up-to-date: /home/jeison/T800-SunnyBOT/ros_ws/install/common/share/common/local_setup.sh
[0.414s] -- Up-to-date: /home/jeison/T800-SunnyBOT/ros_ws/install/common/share/common/local_setup.zsh
[0.414s] -- Up-to-date: /home/jeison/T800-SunnyBOT/ros_ws/install/common/share/common/local_setup.dsv
[0.415s] -- Installing: /home/jeison/T800-SunnyBOT/ros_ws/install/common/share/common/package.dsv
[0.415s] -- Up-to-date: /home/jeison/T800-SunnyBOT/ros_ws/install/common/share/ament_index/resource_index/packages/common
[0.415s] -- Up-to-date: /home/jeison/T800-SunnyBOT/ros_ws/install/common/share/common/cmake/common__rosidl_generator_cExport.cmake
[0.415s] -- Up-to-date: /home/jeison/T800-SunnyBOT/ros_ws/install/common/share/common/cmake/common__rosidl_generator_cExport-noconfig.cmake
[0.415s] -- Up-to-date: /home/jeison/T800-SunnyBOT/ros_ws/install/common/share/common/cmake/common__rosidl_typesupport_introspection_cExport.cmake
[0.415s] -- Up-to-date: /home/jeison/T800-SunnyBOT/ros_ws/install/common/share/common/cmake/common__rosidl_typesupport_introspection_cExport-noconfig.cmake
[0.415s] -- Up-to-date: /home/jeison/T800-SunnyBOT/ros_ws/install/common/share/common/cmake/common__rosidl_typesupport_cExport.cmake
[0.415s] -- Up-to-date: /home/jeison/T800-SunnyBOT/ros_ws/install/common/share/common/cmake/common__rosidl_typesupport_cExport-noconfig.cmake
[0.415s] -- Up-to-date: /home/jeison/T800-SunnyBOT/ros_ws/install/common/share/common/cmake/common__rosidl_generator_cppExport.cmake
[0.415s] -- Up-to-date: /home/jeison/T800-SunnyBOT/ros_ws/install/common/share/common/cmake/common__rosidl_typesupport_introspection_cppExport.cmake
[0.416s] -- Up-to-date: /home/jeison/T800-SunnyBOT/ros_ws/install/common/share/common/cmake/common__rosidl_typesupport_introspection_cppExport-noconfig.cmake
[0.416s] -- Up-to-date: /home/jeison/T800-SunnyBOT/ros_ws/install/common/share/common/cmake/common__rosidl_typesupport_cppExport.cmake
[0.416s] -- Up-to-date: /home/jeison/T800-SunnyBOT/ros_ws/install/common/share/common/cmake/common__rosidl_typesupport_cppExport-noconfig.cmake
[0.416s] -- Up-to-date: /home/jeison/T800-SunnyBOT/ros_ws/install/common/share/common/cmake/rosidl_cmake-extras.cmake
[0.416s] -- Up-to-date: /home/jeison/T800-SunnyBOT/ros_ws/install/common/share/common/cmake/ament_cmake_export_dependencies-extras.cmake
[0.416s] -- Up-to-date: /home/jeison/T800-SunnyBOT/ros_ws/install/common/share/common/cmake/ament_cmake_export_libraries-extras.cmake
[0.416s] -- Up-to-date: /home/jeison/T800-SunnyBOT/ros_ws/install/common/share/common/cmake/ament_cmake_export_targets-extras.cmake
[0.416s] -- Up-to-date: /home/jeison/T800-SunnyBOT/ros_ws/install/common/share/common/cmake/ament_cmake_export_include_directories-extras.cmake
[0.416s] -- Up-to-date: /home/jeison/T800-SunnyBOT/ros_ws/install/common/share/common/cmake/rosidl_cmake_export_typesupport_libraries-extras.cmake
[0.416s] -- Up-to-date: /home/jeison/T800-SunnyBOT/ros_ws/install/common/share/common/cmake/rosidl_cmake_export_typesupport_targets-extras.cmake
[0.416s] -- Up-to-date: /home/jeison/T800-SunnyBOT/ros_ws/install/common/share/common/cmake/commonConfig.cmake
[0.416s] -- Up-to-date: /home/jeison/T800-SunnyBOT/ros_ws/install/common/share/common/cmake/commonConfig-version.cmake
[0.416s] -- Up-to-date: /home/jeison/T800-SunnyBOT/ros_ws/install/common/share/common/package.xml
[0.419s] Invoked command in '/home/jeison/T800-SunnyBOT/ros_ws/build/common' returned '0': CMAKE_PREFIX_PATH=${CMAKE_PREFIX_PATH}:/home/jeison/T800-SunnyBOT/ros_ws/install/differential_drive:/opt/ros/foxy /usr/bin/cmake --install /home/jeison/T800-SunnyBOT/ros_ws/build/common
