[  3%] Built target common__cpp
[ 12%] Built target common__rosidl_generator_c
[ 22%] Built target common__rosidl_typesupport_introspection_cpp
[ 32%] Built target common__rosidl_typesupport_c
[ 41%] Built target common__rosidl_typesupport_cpp
[ 51%] Built target common__rosidl_typesupport_fastrtps_cpp
[ 61%] Built target common__rosidl_typesupport_introspection_c
[ 70%] Built target common__rosidl_typesupport_fastrtps_c
[ 70%] Built target common
[ 74%] Built target common__py
[ 80%] Built target common__python
[100%] Built target common__rosidl_typesupport_fastrtps_c__pyext
[100%] Built target common__rosidl_typesupport_introspection_c__pyext
[100%] Built target common__rosidl_typesupport_c__pyext
-- Install configuration: ""
-- Up-to-date: /home/jeison/T800-SunnyBOT/ros_ws/install/common/share/ament_index/resource_index/rosidl_interfaces/common
-- Up-to-date: /home/jeison/T800-SunnyBOT/ros_ws/install/common/include/common
-- Up-to-date: /home/jeison/T800-SunnyBOT/ros_ws/install/common/include/common/msg
-- Up-to-date: /home/jeison/T800-SunnyBOT/ros_ws/install/common/include/common/msg/rosidl_generator_c__visibility_control.h
-- Up-to-date: /home/jeison/T800-SunnyBOT/ros_ws/install/common/include/common/msg/detail
-- Up-to-date: /home/jeison/T800-SunnyBOT/ros_ws/install/common/include/common/msg/detail/wheels__struct.h
-- Up-to-date: /home/jeison/T800-SunnyBOT/ros_ws/install/common/include/common/msg/detail/wheels__functions.c
-- Up-to-date: /home/jeison/T800-SunnyBOT/ros_ws/install/common/include/common/msg/detail/wheels__functions.h
-- Up-to-date: /home/jeison/T800-SunnyBOT/ros_ws/install/common/include/common/msg/detail/wheels__type_support.h
-- Up-to-date: /home/jeison/T800-SunnyBOT/ros_ws/install/common/include/common/msg/wheels.h
-- Up-to-date: /home/jeison/T800-SunnyBOT/ros_ws/install/common/share/common/environment/library_path.sh
-- Up-to-date: /home/jeison/T800-SunnyBOT/ros_ws/install/common/share/common/environment/library_path.dsv
-- Up-to-date: /home/jeison/T800-SunnyBOT/ros_ws/install/common/lib/libcommon__rosidl_generator_c.so
-- Up-to-date: /home/jeison/T800-SunnyBOT/ros_ws/install/common/include/common
-- Up-to-date: /home/jeison/T800-SunnyBOT/ros_ws/install/common/include/common/msg
-- Up-to-date: /home/jeison/T800-SunnyBOT/ros_ws/install/common/include/common/msg/rosidl_typesupport_fastrtps_c__visibility_control.h
-- Up-to-date: /home/jeison/T800-SunnyBOT/ros_ws/install/common/include/common/msg/detail
-- Up-to-date: /home/jeison/T800-SunnyBOT/ros_ws/install/common/include/common/msg/detail/wheels__rosidl_typesupport_fastrtps_c.h
-- Up-to-date: /home/jeison/T800-SunnyBOT/ros_ws/install/common/lib/libcommon__rosidl_typesupport_fastrtps_c.so
-- Up-to-date: /home/jeison/T800-SunnyBOT/ros_ws/install/common/include/common
-- Up-to-date: /home/jeison/T800-SunnyBOT/ros_ws/install/common/include/common/msg
-- Up-to-date: /home/jeison/T800-SunnyBOT/ros_ws/install/common/include/common/msg/rosidl_typesupport_fastrtps_cpp__visibility_control.h
-- Up-to-date: /home/jeison/T800-SunnyBOT/ros_ws/install/common/include/common/msg/detail
-- Up-to-date: /home/jeison/T800-SunnyBOT/ros_ws/install/common/include/common/msg/detail/dds_fastrtps
-- Up-to-date: /home/jeison/T800-SunnyBOT/ros_ws/install/common/include/common/msg/detail/wheels__rosidl_typesupport_fastrtps_cpp.hpp
-- Up-to-date: /home/jeison/T800-SunnyBOT/ros_ws/install/common/lib/libcommon__rosidl_typesupport_fastrtps_cpp.so
-- Up-to-date: /home/jeison/T800-SunnyBOT/ros_ws/install/common/include/common
-- Up-to-date: /home/jeison/T800-SunnyBOT/ros_ws/install/common/include/common/msg
-- Up-to-date: /home/jeison/T800-SunnyBOT/ros_ws/install/common/include/common/msg/detail
-- Up-to-date: /home/jeison/T800-SunnyBOT/ros_ws/install/common/include/common/msg/detail/wheels__rosidl_typesupport_introspection_c.h
-- Up-to-date: /home/jeison/T800-SunnyBOT/ros_ws/install/common/include/common/msg/detail/wheels__type_support.c
-- Up-to-date: /home/jeison/T800-SunnyBOT/ros_ws/install/common/include/common/msg/rosidl_typesupport_introspection_c__visibility_control.h
-- Up-to-date: /home/jeison/T800-SunnyBOT/ros_ws/install/common/lib/libcommon__rosidl_typesupport_introspection_c.so
-- Up-to-date: /home/jeison/T800-SunnyBOT/ros_ws/install/common/lib/libcommon__rosidl_typesupport_c.so
-- Up-to-date: /home/jeison/T800-SunnyBOT/ros_ws/install/common/include/common
-- Up-to-date: /home/jeison/T800-SunnyBOT/ros_ws/install/common/include/common/msg
-- Up-to-date: /home/jeison/T800-SunnyBOT/ros_ws/install/common/include/common/msg/detail
-- Up-to-date: /home/jeison/T800-SunnyBOT/ros_ws/install/common/include/common/msg/detail/wheels__struct.hpp
-- Up-to-date: /home/jeison/T800-SunnyBOT/ros_ws/install/common/include/common/msg/detail/wheels__traits.hpp
-- Up-to-date: /home/jeison/T800-SunnyBOT/ros_ws/install/common/include/common/msg/detail/wheels__builder.hpp
-- Up-to-date: /home/jeison/T800-SunnyBOT/ros_ws/install/common/include/common/msg/wheels.hpp
-- Up-to-date: /home/jeison/T800-SunnyBOT/ros_ws/install/common/include/common
-- Up-to-date: /home/jeison/T800-SunnyBOT/ros_ws/install/common/include/common/msg
-- Up-to-date: /home/jeison/T800-SunnyBOT/ros_ws/install/common/include/common/msg/detail
-- Up-to-date: /home/jeison/T800-SunnyBOT/ros_ws/install/common/include/common/msg/detail/wheels__rosidl_typesupport_introspection_cpp.hpp
-- Up-to-date: /home/jeison/T800-SunnyBOT/ros_ws/install/common/include/common/msg/detail/wheels__type_support.cpp
-- Up-to-date: /home/jeison/T800-SunnyBOT/ros_ws/install/common/lib/libcommon__rosidl_typesupport_introspection_cpp.so
-- Up-to-date: /home/jeison/T800-SunnyBOT/ros_ws/install/common/lib/libcommon__rosidl_typesupport_cpp.so
-- Up-to-date: /home/jeison/T800-SunnyBOT/ros_ws/install/common/share/common/environment/pythonpath.sh
-- Up-to-date: /home/jeison/T800-SunnyBOT/ros_ws/install/common/share/common/environment/pythonpath.dsv
-- Up-to-date: /home/jeison/T800-SunnyBOT/ros_ws/install/common/lib/python3.8/site-packages/common/__init__.py
-- Up-to-date: /home/jeison/T800-SunnyBOT/ros_ws/install/common/lib/python3.8/site-packages/common/msg
-- Up-to-date: /home/jeison/T800-SunnyBOT/ros_ws/install/common/lib/python3.8/site-packages/common/msg/_wheels.py
-- Up-to-date: /home/jeison/T800-SunnyBOT/ros_ws/install/common/lib/python3.8/site-packages/common/msg/__init__.py
-- Up-to-date: /home/jeison/T800-SunnyBOT/ros_ws/install/common/lib/python3.8/site-packages/common/msg/_wheels_s.c
-- Up-to-date: /home/jeison/T800-SunnyBOT/ros_ws/install/common/lib/python3.8/site-packages/common/common_s__rosidl_typesupport_fastrtps_c.cpython-38-x86_64-linux-gnu.so
-- Up-to-date: /home/jeison/T800-SunnyBOT/ros_ws/install/common/lib/python3.8/site-packages/common/common_s__rosidl_typesupport_introspection_c.cpython-38-x86_64-linux-gnu.so
-- Up-to-date: /home/jeison/T800-SunnyBOT/ros_ws/install/common/lib/python3.8/site-packages/common/common_s__rosidl_typesupport_c.cpython-38-x86_64-linux-gnu.so
-- Up-to-date: /home/jeison/T800-SunnyBOT/ros_ws/install/common/lib/libcommon__python.so
-- Up-to-date: /home/jeison/T800-SunnyBOT/ros_ws/install/common/share/common/msg/Wheels.idl
-- Up-to-date: /home/jeison/T800-SunnyBOT/ros_ws/install/common/share/common/msg/Wheels.msg
-- Up-to-date: /home/jeison/T800-SunnyBOT/ros_ws/install/common/share/ament_index/resource_index/package_run_dependencies/common
-- Up-to-date: /home/jeison/T800-SunnyBOT/ros_ws/install/common/share/ament_index/resource_index/parent_prefix_path/common
-- Up-to-date: /home/jeison/T800-SunnyBOT/ros_ws/install/common/share/common/environment/ament_prefix_path.sh
-- Up-to-date: /home/jeison/T800-SunnyBOT/ros_ws/install/common/share/common/environment/ament_prefix_path.dsv
-- Up-to-date: /home/jeison/T800-SunnyBOT/ros_ws/install/common/share/common/environment/path.sh
-- Up-to-date: /home/jeison/T800-SunnyBOT/ros_ws/install/common/share/common/environment/path.dsv
-- Up-to-date: /home/jeison/T800-SunnyBOT/ros_ws/install/common/share/common/local_setup.bash
-- Up-to-date: /home/jeison/T800-SunnyBOT/ros_ws/install/common/share/common/local_setup.sh
-- Up-to-date: /home/jeison/T800-SunnyBOT/ros_ws/install/common/share/common/local_setup.zsh
-- Up-to-date: /home/jeison/T800-SunnyBOT/ros_ws/install/common/share/common/local_setup.dsv
-- Installing: /home/jeison/T800-SunnyBOT/ros_ws/install/common/share/common/package.dsv
-- Up-to-date: /home/jeison/T800-SunnyBOT/ros_ws/install/common/share/ament_index/resource_index/packages/common
-- Up-to-date: /home/jeison/T800-SunnyBOT/ros_ws/install/common/share/common/cmake/common__rosidl_generator_cExport.cmake
-- Up-to-date: /home/jeison/T800-SunnyBOT/ros_ws/install/common/share/common/cmake/common__rosidl_generator_cExport-noconfig.cmake
-- Up-to-date: /home/jeison/T800-SunnyBOT/ros_ws/install/common/share/common/cmake/common__rosidl_typesupport_introspection_cExport.cmake
-- Up-to-date: /home/jeison/T800-SunnyBOT/ros_ws/install/common/share/common/cmake/common__rosidl_typesupport_introspection_cExport-noconfig.cmake
-- Up-to-date: /home/jeison/T800-SunnyBOT/ros_ws/install/common/share/common/cmake/common__rosidl_typesupport_cExport.cmake
-- Up-to-date: /home/jeison/T800-SunnyBOT/ros_ws/install/common/share/common/cmake/common__rosidl_typesupport_cExport-noconfig.cmake
-- Up-to-date: /home/jeison/T800-SunnyBOT/ros_ws/install/common/share/common/cmake/common__rosidl_generator_cppExport.cmake
-- Up-to-date: /home/jeison/T800-SunnyBOT/ros_ws/install/common/share/common/cmake/common__rosidl_typesupport_introspection_cppExport.cmake
-- Up-to-date: /home/jeison/T800-SunnyBOT/ros_ws/install/common/share/common/cmake/common__rosidl_typesupport_introspection_cppExport-noconfig.cmake
-- Up-to-date: /home/jeison/T800-SunnyBOT/ros_ws/install/common/share/common/cmake/common__rosidl_typesupport_cppExport.cmake
-- Up-to-date: /home/jeison/T800-SunnyBOT/ros_ws/install/common/share/common/cmake/common__rosidl_typesupport_cppExport-noconfig.cmake
-- Up-to-date: /home/jeison/T800-SunnyBOT/ros_ws/install/common/share/common/cmake/rosidl_cmake-extras.cmake
-- Up-to-date: /home/jeison/T800-SunnyBOT/ros_ws/install/common/share/common/cmake/ament_cmake_export_dependencies-extras.cmake
-- Up-to-date: /home/jeison/T800-SunnyBOT/ros_ws/install/common/share/common/cmake/ament_cmake_export_libraries-extras.cmake
-- Up-to-date: /home/jeison/T800-SunnyBOT/ros_ws/install/common/share/common/cmake/ament_cmake_export_targets-extras.cmake
-- Up-to-date: /home/jeison/T800-SunnyBOT/ros_ws/install/common/share/common/cmake/ament_cmake_export_include_directories-extras.cmake
-- Up-to-date: /home/jeison/T800-SunnyBOT/ros_ws/install/common/share/common/cmake/rosidl_cmake_export_typesupport_libraries-extras.cmake
-- Up-to-date: /home/jeison/T800-SunnyBOT/ros_ws/install/common/share/common/cmake/rosidl_cmake_export_typesupport_targets-extras.cmake
-- Up-to-date: /home/jeison/T800-SunnyBOT/ros_ws/install/common/share/common/cmake/commonConfig.cmake
-- Up-to-date: /home/jeison/T800-SunnyBOT/ros_ws/install/common/share/common/cmake/commonConfig-version.cmake
-- Up-to-date: /home/jeison/T800-SunnyBOT/ros_ws/install/common/share/common/package.xml
