[0.038s] Invoking command in '/home/jeison/T800-SunnyBOT/ros_ws/build/common': CMAKE_PREFIX_PATH=/opt/ros/foxy /usr/bin/cmake /home/jeison/T800-SunnyBOT/ros_ws/src/common -DCMAKE_INSTALL_PREFIX=/home/jeison/T800-SunnyBOT/ros_ws/install/common
[0.239s] -- The C compiler identification is GNU 9.3.0
[0.432s] -- The CXX compiler identification is GNU 9.3.0
[0.440s] -- Check for working C compiler: /usr/bin/cc
[0.511s] -- Check for working C compiler: /usr/bin/cc -- works
[0.512s] -- Detecting C compiler ABI info
[0.581s] -- Detecting C compiler ABI info - done
[0.605s] -- Detecting C compile features
[0.606s] -- Detecting C compile features - done
[0.610s] -- Check for working CXX compiler: /usr/bin/c++
[0.700s] -- Check for working CXX compiler: /usr/bin/c++ -- works
[0.701s] -- Detecting CXX compiler ABI info
[0.785s] -- Detecting CXX compiler ABI info - done
[0.799s] -- Detecting CXX compile features
[0.799s] -- Detecting CXX compile features - done
[0.964s] -- Found ament_cmake: 0.9.8 (/opt/ros/foxy/share/ament_cmake/cmake)
[1.031s] -- Found PythonInterp: /usr/bin/python3 (found suitable version "3.8.5", minimum required is "3") 
[1.032s] -- Using PYTHON_EXECUTABLE: /usr/bin/python3
[1.291s] -- Found rosidl_default_generators: 1.0.0 (/opt/ros/foxy/share/rosidl_default_generators/cmake)
[1.362s] -- Using all available rosidl_typesupport_c: rosidl_typesupport_fastrtps_c;rosidl_typesupport_introspection_c
[1.418s] -- Found rosidl_adapter: 1.2.0 (/opt/ros/foxy/share/rosidl_adapter/cmake)
[2.076s] -- Found OpenSSL: /usr/lib/x86_64-linux-gnu/libcrypto.so (found version "1.1.1f")  
[2.156s] -- Found FastRTPS: /opt/ros/foxy/include  
[2.373s] -- Using all available rosidl_typesupport_cpp: rosidl_typesupport_fastrtps_cpp;rosidl_typesupport_introspection_cpp
[2.485s] -- Found std_msgs: 2.0.3 (/opt/ros/foxy/share/std_msgs/cmake)
[2.572s] -- Found ament_lint_auto: 0.9.6 (/opt/ros/foxy/share/ament_lint_auto/cmake)
[2.685s] CMake Error at /opt/ros/foxy/share/rosidl_cmake/cmake/rosidl_generate_interfaces.cmake:93 (message):
[2.685s]   rosidl_generate_interfaces() the passed file 'msg/SubEsc.msg' doesn't exist
[2.686s]   relative to the CMAKE_CURRENT_SOURCE_DIR
[2.686s]   '/home/jeison/T800-SunnyBOT/ros_ws/src/common'
[2.686s] Call Stack (most recent call first):
[2.686s]   CMakeLists.txt:28 (rosidl_generate_interfaces)
[2.686s] 
[2.686s] 
[2.687s] -- Configuring incomplete, errors occurred!
[2.687s] See also "/home/jeison/T800-SunnyBOT/ros_ws/build/common/CMakeFiles/CMakeOutput.log".
[2.695s] Invoked command in '/home/jeison/T800-SunnyBOT/ros_ws/build/common' returned '1': CMAKE_PREFIX_PATH=/opt/ros/foxy /usr/bin/cmake /home/jeison/T800-SunnyBOT/ros_ws/src/common -DCMAKE_INSTALL_PREFIX=/home/jeison/T800-SunnyBOT/ros_ws/install/common
