-- Found ament_cmake: 0.9.8 (/opt/ros/foxy/share/ament_cmake/cmake)
-- Using PYTHON_EXECUTABLE: /usr/bin/python3
-- Found rosidl_default_generators: 1.0.0 (/opt/ros/foxy/share/rosidl_default_generators/cmake)
-- Using all available rosidl_typesupport_c: rosidl_typesupport_fastrtps_c;rosidl_typesupport_introspection_c
-- Found rosidl_adapter: 1.2.0 (/opt/ros/foxy/share/rosidl_adapter/cmake)
-- Using all available rosidl_typesupport_cpp: rosidl_typesupport_fastrtps_cpp;rosidl_typesupport_introspection_cpp
-- Found std_msgs: 2.0.3 (/opt/ros/foxy/share/std_msgs/cmake)
-- Found ament_lint_auto: 0.9.6 (/opt/ros/foxy/share/ament_lint_auto/cmake)
-- Found PythonInterp: /usr/bin/python3 (found version "3.8.5") 
-- Found ament_cmake_ros: 0.9.1 (/opt/ros/foxy/share/ament_cmake_ros/cmake)
-- Using all available rosidl_typesupport_c: rosidl_typesupport_fastrtps_c;rosidl_typesupport_introspection_c
-- Using all available rosidl_typesupport_cpp: rosidl_typesupport_fastrtps_cpp;rosidl_typesupport_introspection_cpp
-- Found PythonInterp: /usr/bin/python3 (found suitable version "3.8.5", minimum required is "3.5") 
-- Found python_cmake_module: 0.8.0 (/opt/ros/foxy/share/python_cmake_module/cmake)
-- Found PythonLibs: /usr/lib/x86_64-linux-gnu/libpython3.8.so (found suitable version "3.8.5", minimum required is "3.5") 
-- Using PYTHON_EXECUTABLE: /usr/bin/python3
-- Using PYTHON_INCLUDE_DIRS: /usr/include/python3.8
-- Using PYTHON_LIBRARIES: /usr/lib/x86_64-linux-gnu/libpython3.8.so
-- Found PythonExtra: .so  
-- Added test 'copyright' to check source files copyright and LICENSE
-- Added test 'lint_cmake' to check CMake code style
-- Added test 'xmllint' to check XML markup files
-- Configuring done
-- Generating done
-- Build files have been written to: /home/jeison/T800-SunnyBOT/ros_ws/build/common
[  3%] [34m[1mGenerating C code for ROS interfaces[0m
[35m[1mScanning dependencies of target common__cpp[0m
[  6%] [34m[1mGenerating C++ code for ROS interfaces[0m
[  6%] Built target common__cpp
[35m[1mScanning dependencies of target common__rosidl_generator_c[0m
[ 16%] [34m[1mGenerating C++ type support for eProsima Fast-RTPS[0m
[ 16%] [34m[1mGenerating C++ type support dispatch for ROS interfaces[0m
[ 16%] [34m[1mGenerating C++ introspection for ROS interfaces[0m
[ 19%] [32mBuilding C object CMakeFiles/common__rosidl_generator_c.dir/rosidl_generator_c/common/msg/detail/wheels__functions.c.o[0m
[ 22%] [32m[1mLinking C shared library libcommon__rosidl_generator_c.so[0m
[ 22%] Built target common__rosidl_generator_c
[ 25%] [34m[1mGenerating C type support dispatch for ROS interfaces[0m
[ 29%] [34m[1mGenerating C introspection for ROS interfaces[0m
[35m[1mScanning dependencies of target common__rosidl_typesupport_cpp[0m
[35m[1mScanning dependencies of target common__rosidl_typesupport_introspection_cpp[0m
[35m[1mScanning dependencies of target common__rosidl_typesupport_fastrtps_cpp[0m
[ 32%] [32mBuilding CXX object CMakeFiles/common__rosidl_typesupport_cpp.dir/rosidl_typesupport_cpp/common/msg/wheels__type_support.cpp.o[0m
[ 35%] [32mBuilding CXX object CMakeFiles/common__rosidl_typesupport_introspection_cpp.dir/rosidl_typesupport_introspection_cpp/common/msg/detail/wheels__type_support.cpp.o[0m
[ 38%] [32mBuilding CXX object CMakeFiles/common__rosidl_typesupport_fastrtps_cpp.dir/rosidl_typesupport_fastrtps_cpp/common/msg/detail/dds_fastrtps/wheels__type_support.cpp.o[0m
[35m[1mScanning dependencies of target common__rosidl_typesupport_c[0m
[ 41%] [32mBuilding CXX object CMakeFiles/common__rosidl_typesupport_c.dir/rosidl_typesupport_c/common/msg/wheels__type_support.cpp.o[0m
[35m[1mScanning dependencies of target common__rosidl_typesupport_introspection_c[0m
[ 45%] [32mBuilding C object CMakeFiles/common__rosidl_typesupport_introspection_c.dir/rosidl_typesupport_introspection_c/common/msg/detail/wheels__type_support.c.o[0m
[ 48%] [32m[1mLinking CXX shared library libcommon__rosidl_typesupport_c.so[0m
[ 51%] [32m[1mLinking C shared library libcommon__rosidl_typesupport_introspection_c.so[0m
[ 51%] Built target common__rosidl_typesupport_c
[ 51%] Built target common__rosidl_typesupport_introspection_c
[ 54%] [32m[1mLinking CXX shared library libcommon__rosidl_typesupport_introspection_cpp.so[0m
[ 58%] [32m[1mLinking CXX shared library libcommon__rosidl_typesupport_cpp.so[0m
[ 58%] Built target common__rosidl_typesupport_introspection_cpp
[ 58%] Built target common__rosidl_typesupport_cpp
[ 61%] [32m[1mLinking CXX shared library libcommon__rosidl_typesupport_fastrtps_cpp.so[0m
[ 61%] Built target common__rosidl_typesupport_fastrtps_cpp
[ 64%] [34m[1mGenerating C type support for eProsima Fast-RTPS[0m
[35m[1mScanning dependencies of target common__rosidl_typesupport_fastrtps_c[0m
[ 67%] [32mBuilding CXX object CMakeFiles/common__rosidl_typesupport_fastrtps_c.dir/rosidl_typesupport_fastrtps_c/common/msg/detail/wheels__type_support_c.cpp.o[0m
[ 70%] [32m[1mLinking CXX shared library libcommon__rosidl_typesupport_fastrtps_c.so[0m
[ 70%] Built target common__rosidl_typesupport_fastrtps_c
[35m[1mScanning dependencies of target common[0m
[ 70%] Built target common
[35m[1mScanning dependencies of target common__py[0m
[ 74%] [34m[1mGenerating Python code for ROS interfaces[0m
[ 74%] Built target common__py
[35m[1mScanning dependencies of target common__python[0m
[ 77%] [32mBuilding C object CMakeFiles/common__python.dir/rosidl_generator_py/common/msg/_wheels_s.c.o[0m
[ 80%] [32m[1mLinking C shared library rosidl_generator_py/common/libcommon__python.so[0m
[ 80%] Built target common__python
[35m[1mScanning dependencies of target common__rosidl_typesupport_c__pyext[0m
[35m[1mScanning dependencies of target common__rosidl_typesupport_introspection_c__pyext[0m
[35m[1mScanning dependencies of target common__rosidl_typesupport_fastrtps_c__pyext[0m
[ 83%] [32mBuilding C object CMakeFiles/common__rosidl_typesupport_c__pyext.dir/rosidl_generator_py/common/_common_s.ep.rosidl_typesupport_c.c.o[0m
[ 87%] [32mBuilding C object CMakeFiles/common__rosidl_typesupport_introspection_c__pyext.dir/rosidl_generator_py/common/_common_s.ep.rosidl_typesupport_introspection_c.c.o[0m
[ 90%] [32mBuilding C object CMakeFiles/common__rosidl_typesupport_fastrtps_c__pyext.dir/rosidl_generator_py/common/_common_s.ep.rosidl_typesupport_fastrtps_c.c.o[0m
[ 93%] [32m[1mLinking C shared library rosidl_generator_py/common/common_s__rosidl_typesupport_c.cpython-38-x86_64-linux-gnu.so[0m
[ 96%] [32m[1mLinking C shared library rosidl_generator_py/common/common_s__rosidl_typesupport_introspection_c.cpython-38-x86_64-linux-gnu.so[0m
[100%] [32m[1mLinking CXX shared library rosidl_generator_py/common/common_s__rosidl_typesupport_fastrtps_c.cpython-38-x86_64-linux-gnu.so[0m
[100%] Built target common__rosidl_typesupport_c__pyext
[100%] Built target common__rosidl_typesupport_introspection_c__pyext
[100%] Built target common__rosidl_typesupport_fastrtps_c__pyext
-- Install configuration: ""
-- Installing: /home/jeison/T800-SunnyBOT/ros_ws/install/common/share/ament_index/resource_index/rosidl_interfaces/common
-- Installing: /home/jeison/T800-SunnyBOT/ros_ws/install/common/include/common
-- Installing: /home/jeison/T800-SunnyBOT/ros_ws/install/common/include/common/msg
-- Installing: /home/jeison/T800-SunnyBOT/ros_ws/install/common/include/common/msg/rosidl_generator_c__visibility_control.h
-- Installing: /home/jeison/T800-SunnyBOT/ros_ws/install/common/include/common/msg/detail
-- Installing: /home/jeison/T800-SunnyBOT/ros_ws/install/common/include/common/msg/detail/wheels__struct.h
-- Installing: /home/jeison/T800-SunnyBOT/ros_ws/install/common/include/common/msg/detail/wheels__functions.c
-- Installing: /home/jeison/T800-SunnyBOT/ros_ws/install/common/include/common/msg/detail/wheels__functions.h
-- Installing: /home/jeison/T800-SunnyBOT/ros_ws/install/common/include/common/msg/detail/wheels__type_support.h
-- Installing: /home/jeison/T800-SunnyBOT/ros_ws/install/common/include/common/msg/wheels.h
-- Installing: /home/jeison/T800-SunnyBOT/ros_ws/install/common/share/common/environment/library_path.sh
-- Installing: /home/jeison/T800-SunnyBOT/ros_ws/install/common/share/common/environment/library_path.dsv
-- Installing: /home/jeison/T800-SunnyBOT/ros_ws/install/common/lib/libcommon__rosidl_generator_c.so
-- Set runtime path of "/home/jeison/T800-SunnyBOT/ros_ws/install/common/lib/libcommon__rosidl_generator_c.so" to ""
-- Up-to-date: /home/jeison/T800-SunnyBOT/ros_ws/install/common/include/common
-- Up-to-date: /home/jeison/T800-SunnyBOT/ros_ws/install/common/include/common/msg
-- Installing: /home/jeison/T800-SunnyBOT/ros_ws/install/common/include/common/msg/rosidl_typesupport_fastrtps_c__visibility_control.h
-- Up-to-date: /home/jeison/T800-SunnyBOT/ros_ws/install/common/include/common/msg/detail
-- Installing: /home/jeison/T800-SunnyBOT/ros_ws/install/common/include/common/msg/detail/wheels__rosidl_typesupport_fastrtps_c.h
-- Installing: /home/jeison/T800-SunnyBOT/ros_ws/install/common/lib/libcommon__rosidl_typesupport_fastrtps_c.so
-- Set runtime path of "/home/jeison/T800-SunnyBOT/ros_ws/install/common/lib/libcommon__rosidl_typesupport_fastrtps_c.so" to ""
-- Up-to-date: /home/jeison/T800-SunnyBOT/ros_ws/install/common/include/common
-- Up-to-date: /home/jeison/T800-SunnyBOT/ros_ws/install/common/include/common/msg
-- Installing: /home/jeison/T800-SunnyBOT/ros_ws/install/common/include/common/msg/rosidl_typesupport_fastrtps_cpp__visibility_control.h
-- Up-to-date: /home/jeison/T800-SunnyBOT/ros_ws/install/common/include/common/msg/detail
-- Installing: /home/jeison/T800-SunnyBOT/ros_ws/install/common/include/common/msg/detail/dds_fastrtps
-- Installing: /home/jeison/T800-SunnyBOT/ros_ws/install/common/include/common/msg/detail/wheels__rosidl_typesupport_fastrtps_cpp.hpp
-- Installing: /home/jeison/T800-SunnyBOT/ros_ws/install/common/lib/libcommon__rosidl_typesupport_fastrtps_cpp.so
-- Set runtime path of "/home/jeison/T800-SunnyBOT/ros_ws/install/common/lib/libcommon__rosidl_typesupport_fastrtps_cpp.so" to ""
-- Up-to-date: /home/jeison/T800-SunnyBOT/ros_ws/install/common/include/common
-- Up-to-date: /home/jeison/T800-SunnyBOT/ros_ws/install/common/include/common/msg
-- Up-to-date: /home/jeison/T800-SunnyBOT/ros_ws/install/common/include/common/msg/detail
-- Installing: /home/jeison/T800-SunnyBOT/ros_ws/install/common/include/common/msg/detail/wheels__rosidl_typesupport_introspection_c.h
-- Installing: /home/jeison/T800-SunnyBOT/ros_ws/install/common/include/common/msg/detail/wheels__type_support.c
-- Installing: /home/jeison/T800-SunnyBOT/ros_ws/install/common/include/common/msg/rosidl_typesupport_introspection_c__visibility_control.h
-- Installing: /home/jeison/T800-SunnyBOT/ros_ws/install/common/lib/libcommon__rosidl_typesupport_introspection_c.so
-- Set runtime path of "/home/jeison/T800-SunnyBOT/ros_ws/install/common/lib/libcommon__rosidl_typesupport_introspection_c.so" to ""
-- Installing: /home/jeison/T800-SunnyBOT/ros_ws/install/common/lib/libcommon__rosidl_typesupport_c.so
-- Set runtime path of "/home/jeison/T800-SunnyBOT/ros_ws/install/common/lib/libcommon__rosidl_typesupport_c.so" to ""
-- Up-to-date: /home/jeison/T800-SunnyBOT/ros_ws/install/common/include/common
-- Up-to-date: /home/jeison/T800-SunnyBOT/ros_ws/install/common/include/common/msg
-- Up-to-date: /home/jeison/T800-SunnyBOT/ros_ws/install/common/include/common/msg/detail
-- Installing: /home/jeison/T800-SunnyBOT/ros_ws/install/common/include/common/msg/detail/wheels__struct.hpp
-- Installing: /home/jeison/T800-SunnyBOT/ros_ws/install/common/include/common/msg/detail/wheels__traits.hpp
-- Installing: /home/jeison/T800-SunnyBOT/ros_ws/install/common/include/common/msg/detail/wheels__builder.hpp
-- Installing: /home/jeison/T800-SunnyBOT/ros_ws/install/common/include/common/msg/wheels.hpp
-- Up-to-date: /home/jeison/T800-SunnyBOT/ros_ws/install/common/include/common
-- Up-to-date: /home/jeison/T800-SunnyBOT/ros_ws/install/common/include/common/msg
-- Up-to-date: /home/jeison/T800-SunnyBOT/ros_ws/install/common/include/common/msg/detail
-- Installing: /home/jeison/T800-SunnyBOT/ros_ws/install/common/include/common/msg/detail/wheels__rosidl_typesupport_introspection_cpp.hpp
-- Installing: /home/jeison/T800-SunnyBOT/ros_ws/install/common/include/common/msg/detail/wheels__type_support.cpp
-- Installing: /home/jeison/T800-SunnyBOT/ros_ws/install/common/lib/libcommon__rosidl_typesupport_introspection_cpp.so
-- Set runtime path of "/home/jeison/T800-SunnyBOT/ros_ws/install/common/lib/libcommon__rosidl_typesupport_introspection_cpp.so" to ""
-- Installing: /home/jeison/T800-SunnyBOT/ros_ws/install/common/lib/libcommon__rosidl_typesupport_cpp.so
-- Set runtime path of "/home/jeison/T800-SunnyBOT/ros_ws/install/common/lib/libcommon__rosidl_typesupport_cpp.so" to ""
-- Installing: /home/jeison/T800-SunnyBOT/ros_ws/install/common/share/common/environment/pythonpath.sh
-- Installing: /home/jeison/T800-SunnyBOT/ros_ws/install/common/share/common/environment/pythonpath.dsv
-- Installing: /home/jeison/T800-SunnyBOT/ros_ws/install/common/lib/python3.8/site-packages/common/__init__.py
Compiling '/home/jeison/T800-SunnyBOT/ros_ws/install/common/lib/python3.8/site-packages/common/__init__.py'...
-- Installing: /home/jeison/T800-SunnyBOT/ros_ws/install/common/lib/python3.8/site-packages/common/msg
-- Installing: /home/jeison/T800-SunnyBOT/ros_ws/install/common/lib/python3.8/site-packages/common/msg/_wheels.py
-- Installing: /home/jeison/T800-SunnyBOT/ros_ws/install/common/lib/python3.8/site-packages/common/msg/__init__.py
-- Installing: /home/jeison/T800-SunnyBOT/ros_ws/install/common/lib/python3.8/site-packages/common/msg/_wheels_s.c
-- Installing: /home/jeison/T800-SunnyBOT/ros_ws/install/common/lib/python3.8/site-packages/common/common_s__rosidl_typesupport_fastrtps_c.cpython-38-x86_64-linux-gnu.so
-- Set runtime path of "/home/jeison/T800-SunnyBOT/ros_ws/install/common/lib/python3.8/site-packages/common/common_s__rosidl_typesupport_fastrtps_c.cpython-38-x86_64-linux-gnu.so" to ""
-- Installing: /home/jeison/T800-SunnyBOT/ros_ws/install/common/lib/python3.8/site-packages/common/common_s__rosidl_typesupport_introspection_c.cpython-38-x86_64-linux-gnu.so
-- Set runtime path of "/home/jeison/T800-SunnyBOT/ros_ws/install/common/lib/python3.8/site-packages/common/common_s__rosidl_typesupport_introspection_c.cpython-38-x86_64-linux-gnu.so" to ""
-- Installing: /home/jeison/T800-SunnyBOT/ros_ws/install/common/lib/python3.8/site-packages/common/common_s__rosidl_typesupport_c.cpython-38-x86_64-linux-gnu.so
-- Set runtime path of "/home/jeison/T800-SunnyBOT/ros_ws/install/common/lib/python3.8/site-packages/common/common_s__rosidl_typesupport_c.cpython-38-x86_64-linux-gnu.so" to ""
-- Installing: /home/jeison/T800-SunnyBOT/ros_ws/install/common/lib/libcommon__python.so
-- Set runtime path of "/home/jeison/T800-SunnyBOT/ros_ws/install/common/lib/libcommon__python.so" to ""
-- Installing: /home/jeison/T800-SunnyBOT/ros_ws/install/common/share/common/msg/Wheels.idl
-- Installing: /home/jeison/T800-SunnyBOT/ros_ws/install/common/share/common/msg/Wheels.msg
-- Installing: /home/jeison/T800-SunnyBOT/ros_ws/install/common/share/ament_index/resource_index/package_run_dependencies/common
-- Installing: /home/jeison/T800-SunnyBOT/ros_ws/install/common/share/ament_index/resource_index/parent_prefix_path/common
-- Installing: /home/jeison/T800-SunnyBOT/ros_ws/install/common/share/common/environment/ament_prefix_path.sh
-- Installing: /home/jeison/T800-SunnyBOT/ros_ws/install/common/share/common/environment/ament_prefix_path.dsv
-- Installing: /home/jeison/T800-SunnyBOT/ros_ws/install/common/share/common/environment/path.sh
-- Installing: /home/jeison/T800-SunnyBOT/ros_ws/install/common/share/common/environment/path.dsv
-- Installing: /home/jeison/T800-SunnyBOT/ros_ws/install/common/share/common/local_setup.bash
-- Installing: /home/jeison/T800-SunnyBOT/ros_ws/install/common/share/common/local_setup.sh
-- Installing: /home/jeison/T800-SunnyBOT/ros_ws/install/common/share/common/local_setup.zsh
-- Installing: /home/jeison/T800-SunnyBOT/ros_ws/install/common/share/common/local_setup.dsv
-- Installing: /home/jeison/T800-SunnyBOT/ros_ws/install/common/share/common/package.dsv
-- Installing: /home/jeison/T800-SunnyBOT/ros_ws/install/common/share/ament_index/resource_index/packages/common
-- Installing: /home/jeison/T800-SunnyBOT/ros_ws/install/common/share/common/cmake/common__rosidl_generator_cExport.cmake
-- Installing: /home/jeison/T800-SunnyBOT/ros_ws/install/common/share/common/cmake/common__rosidl_generator_cExport-noconfig.cmake
-- Installing: /home/jeison/T800-SunnyBOT/ros_ws/install/common/share/common/cmake/common__rosidl_typesupport_introspection_cExport.cmake
-- Installing: /home/jeison/T800-SunnyBOT/ros_ws/install/common/share/common/cmake/common__rosidl_typesupport_introspection_cExport-noconfig.cmake
-- Installing: /home/jeison/T800-SunnyBOT/ros_ws/install/common/share/common/cmake/common__rosidl_typesupport_cExport.cmake
-- Installing: /home/jeison/T800-SunnyBOT/ros_ws/install/common/share/common/cmake/common__rosidl_typesupport_cExport-noconfig.cmake
-- Installing: /home/jeison/T800-SunnyBOT/ros_ws/install/common/share/common/cmake/common__rosidl_generator_cppExport.cmake
-- Installing: /home/jeison/T800-SunnyBOT/ros_ws/install/common/share/common/cmake/common__rosidl_typesupport_introspection_cppExport.cmake
-- Installing: /home/jeison/T800-SunnyBOT/ros_ws/install/common/share/common/cmake/common__rosidl_typesupport_introspection_cppExport-noconfig.cmake
-- Installing: /home/jeison/T800-SunnyBOT/ros_ws/install/common/share/common/cmake/common__rosidl_typesupport_cppExport.cmake
-- Installing: /home/jeison/T800-SunnyBOT/ros_ws/install/common/share/common/cmake/common__rosidl_typesupport_cppExport-noconfig.cmake
-- Installing: /home/jeison/T800-SunnyBOT/ros_ws/install/common/share/common/cmake/rosidl_cmake-extras.cmake
-- Installing: /home/jeison/T800-SunnyBOT/ros_ws/install/common/share/common/cmake/ament_cmake_export_dependencies-extras.cmake
-- Installing: /home/jeison/T800-SunnyBOT/ros_ws/install/common/share/common/cmake/ament_cmake_export_libraries-extras.cmake
-- Installing: /home/jeison/T800-SunnyBOT/ros_ws/install/common/share/common/cmake/ament_cmake_export_targets-extras.cmake
-- Installing: /home/jeison/T800-SunnyBOT/ros_ws/install/common/share/common/cmake/ament_cmake_export_include_directories-extras.cmake
-- Installing: /home/jeison/T800-SunnyBOT/ros_ws/install/common/share/common/cmake/rosidl_cmake_export_typesupport_libraries-extras.cmake
-- Installing: /home/jeison/T800-SunnyBOT/ros_ws/install/common/share/common/cmake/rosidl_cmake_export_typesupport_targets-extras.cmake
-- Installing: /home/jeison/T800-SunnyBOT/ros_ws/install/common/share/common/cmake/commonConfig.cmake
-- Installing: /home/jeison/T800-SunnyBOT/ros_ws/install/common/share/common/cmake/commonConfig-version.cmake
-- Installing: /home/jeison/T800-SunnyBOT/ros_ws/install/common/share/common/package.xml
