[0.027s] Invoking command in '/home/jeison/T800-SunnyBOT/ros_ws/build/common': CMAKE_PREFIX_PATH=/opt/ros/foxy /usr/bin/cmake /home/jeison/T800-SunnyBOT/ros_ws/src/common -DCMAKE_INSTALL_PREFIX=/home/jeison/T800-SunnyBOT/ros_ws/install/common
[0.044s] -- Found ament_cmake: 0.9.8 (/opt/ros/foxy/share/ament_cmake/cmake)
[0.067s] -- Using PYTHON_EXECUTABLE: /usr/bin/python3
[0.257s] -- Found rosidl_default_generators: 1.0.0 (/opt/ros/foxy/share/rosidl_default_generators/cmake)
[0.259s] -- Using all available rosidl_typesupport_c: rosidl_typesupport_fastrtps_c;rosidl_typesupport_introspection_c
[0.265s] -- Found rosidl_adapter: 1.2.0 (/opt/ros/foxy/share/rosidl_adapter/cmake)
[0.422s] -- Using all available rosidl_typesupport_cpp: rosidl_typesupport_fastrtps_cpp;rosidl_typesupport_introspection_cpp
[0.444s] -- Found std_msgs: 2.0.3 (/opt/ros/foxy/share/std_msgs/cmake)
[0.475s] -- Found ament_lint_auto: 0.9.6 (/opt/ros/foxy/share/ament_lint_auto/cmake)
[0.569s] -- Found PythonInterp: /usr/bin/python3 (found version "3.8.5") 
[0.843s] -- Found ament_cmake_ros: 0.9.1 (/opt/ros/foxy/share/ament_cmake_ros/cmake)
[1.032s] -- Using all available rosidl_typesupport_c: rosidl_typesupport_fastrtps_c;rosidl_typesupport_introspection_c
[1.092s] -- Using all available rosidl_typesupport_cpp: rosidl_typesupport_fastrtps_cpp;rosidl_typesupport_introspection_cpp
[1.116s] -- Found PythonInterp: /usr/bin/python3 (found suitable version "3.8.5", minimum required is "3.5") 
[1.117s] -- Found python_cmake_module: 0.8.0 (/opt/ros/foxy/share/python_cmake_module/cmake)
[1.271s] -- Found PythonLibs: /usr/lib/x86_64-linux-gnu/libpython3.8.so (found suitable version "3.8.5", minimum required is "3.5") 
[1.272s] -- Using PYTHON_EXECUTABLE: /usr/bin/python3
[1.272s] -- Using PYTHON_INCLUDE_DIRS: /usr/include/python3.8
[1.272s] -- Using PYTHON_LIBRARIES: /usr/lib/x86_64-linux-gnu/libpython3.8.so
[1.300s] -- Found PythonExtra: .so  
[1.463s] -- Added test 'copyright' to check source files copyright and LICENSE
[1.465s] -- Added test 'lint_cmake' to check CMake code style
[1.466s] -- Added test 'xmllint' to check XML markup files
[1.475s] -- Configuring done
[1.633s] -- Generating done
[1.636s] -- Build files have been written to: /home/jeison/T800-SunnyBOT/ros_ws/build/common
[1.641s] Invoked command in '/home/jeison/T800-SunnyBOT/ros_ws/build/common' returned '0': CMAKE_PREFIX_PATH=/opt/ros/foxy /usr/bin/cmake /home/jeison/T800-SunnyBOT/ros_ws/src/common -DCMAKE_INSTALL_PREFIX=/home/jeison/T800-SunnyBOT/ros_ws/install/common
[1.644s] Invoking command in '/home/jeison/T800-SunnyBOT/ros_ws/build/common': CMAKE_PREFIX_PATH=/opt/ros/foxy /usr/bin/cmake --build /home/jeison/T800-SunnyBOT/ros_ws/build/common -- -j8 -l8
[1.685s] [  3%] [34m[1mGenerating C code for ROS interfaces[0m
[1.685s] [35m[1mScanning dependencies of target common__cpp[0m
[1.697s] [  6%] [34m[1mGenerating C++ code for ROS interfaces[0m
[1.962s] [  6%] Built target common__cpp
[1.968s] [35m[1mScanning dependencies of target common__rosidl_generator_c[0m
[1.973s] [ 16%] [34m[1mGenerating C++ type support for eProsima Fast-RTPS[0m
[1.974s] [ 16%] [34m[1mGenerating C++ type support dispatch for ROS interfaces[0m
[1.974s] [ 16%] [34m[1mGenerating C++ introspection for ROS interfaces[0m
[2.057s] [ 19%] [32mBuilding C object CMakeFiles/common__rosidl_generator_c.dir/rosidl_generator_c/common/msg/detail/wheels__functions.c.o[0m
[2.143s] [ 22%] [32m[1mLinking C shared library libcommon__rosidl_generator_c.so[0m
[2.184s] [ 22%] Built target common__rosidl_generator_c
[2.196s] [ 25%] [34m[1mGenerating C type support dispatch for ROS interfaces[0m
[2.197s] [ 29%] [34m[1mGenerating C introspection for ROS interfaces[0m
[2.204s] [35m[1mScanning dependencies of target common__rosidl_typesupport_cpp[0m
[2.236s] [35m[1mScanning dependencies of target common__rosidl_typesupport_introspection_cpp[0m
[2.247s] [35m[1mScanning dependencies of target common__rosidl_typesupport_fastrtps_cpp[0m
[2.258s] [ 32%] [32mBuilding CXX object CMakeFiles/common__rosidl_typesupport_cpp.dir/rosidl_typesupport_cpp/common/msg/wheels__type_support.cpp.o[0m
[2.267s] [ 35%] [32mBuilding CXX object CMakeFiles/common__rosidl_typesupport_introspection_cpp.dir/rosidl_typesupport_introspection_cpp/common/msg/detail/wheels__type_support.cpp.o[0m
[2.309s] [ 38%] [32mBuilding CXX object CMakeFiles/common__rosidl_typesupport_fastrtps_cpp.dir/rosidl_typesupport_fastrtps_cpp/common/msg/detail/dds_fastrtps/wheels__type_support.cpp.o[0m
[2.450s] [35m[1mScanning dependencies of target common__rosidl_typesupport_c[0m
[2.470s] [ 41%] [32mBuilding CXX object CMakeFiles/common__rosidl_typesupport_c.dir/rosidl_typesupport_c/common/msg/wheels__type_support.cpp.o[0m
[2.484s] [35m[1mScanning dependencies of target common__rosidl_typesupport_introspection_c[0m
[2.499s] [ 45%] [32mBuilding C object CMakeFiles/common__rosidl_typesupport_introspection_c.dir/rosidl_typesupport_introspection_c/common/msg/detail/wheels__type_support.c.o[0m
[2.506s] [ 48%] [32m[1mLinking CXX shared library libcommon__rosidl_typesupport_c.so[0m
[2.539s] [ 51%] [32m[1mLinking C shared library libcommon__rosidl_typesupport_introspection_c.so[0m
[2.557s] [ 51%] Built target common__rosidl_typesupport_c
[2.575s] [ 51%] Built target common__rosidl_typesupport_introspection_c
[2.625s] [ 54%] [32m[1mLinking CXX shared library libcommon__rosidl_typesupport_introspection_cpp.so[0m
[2.702s] [ 58%] [32m[1mLinking CXX shared library libcommon__rosidl_typesupport_cpp.so[0m
[2.721s] [ 58%] Built target common__rosidl_typesupport_introspection_cpp
[2.754s] [ 58%] Built target common__rosidl_typesupport_cpp
[2.895s] [ 61%] [32m[1mLinking CXX shared library libcommon__rosidl_typesupport_fastrtps_cpp.so[0m
[2.996s] [ 61%] Built target common__rosidl_typesupport_fastrtps_cpp
[3.008s] [ 64%] [34m[1mGenerating C type support for eProsima Fast-RTPS[0m
[3.225s] [35m[1mScanning dependencies of target common__rosidl_typesupport_fastrtps_c[0m
[3.292s] [ 67%] [32mBuilding CXX object CMakeFiles/common__rosidl_typesupport_fastrtps_c.dir/rosidl_typesupport_fastrtps_c/common/msg/detail/wheels__type_support_c.cpp.o[0m
[3.637s] [ 70%] [32m[1mLinking CXX shared library libcommon__rosidl_typesupport_fastrtps_c.so[0m
[3.737s] [ 70%] Built target common__rosidl_typesupport_fastrtps_c
[3.749s] [35m[1mScanning dependencies of target common[0m
[3.760s] [ 70%] Built target common
[3.772s] [35m[1mScanning dependencies of target common__py[0m
[3.783s] [ 74%] [34m[1mGenerating Python code for ROS interfaces[0m
[5.023s] [ 74%] Built target common__py
[5.035s] [35m[1mScanning dependencies of target common__python[0m
[5.055s] [ 77%] [32mBuilding C object CMakeFiles/common__python.dir/rosidl_generator_py/common/msg/_wheels_s.c.o[0m
[5.195s] [ 80%] [32m[1mLinking C shared library rosidl_generator_py/common/libcommon__python.so[0m
[5.240s] [ 80%] Built target common__python
[5.251s] [35m[1mScanning dependencies of target common__rosidl_typesupport_c__pyext[0m
[5.251s] [35m[1mScanning dependencies of target common__rosidl_typesupport_introspection_c__pyext[0m
[5.251s] [35m[1mScanning dependencies of target common__rosidl_typesupport_fastrtps_c__pyext[0m
[5.269s] [ 83%] [32mBuilding C object CMakeFiles/common__rosidl_typesupport_c__pyext.dir/rosidl_generator_py/common/_common_s.ep.rosidl_typesupport_c.c.o[0m
[5.271s] [ 87%] [32mBuilding C object CMakeFiles/common__rosidl_typesupport_introspection_c__pyext.dir/rosidl_generator_py/common/_common_s.ep.rosidl_typesupport_introspection_c.c.o[0m
[5.272s] [ 90%] [32mBuilding C object CMakeFiles/common__rosidl_typesupport_fastrtps_c__pyext.dir/rosidl_generator_py/common/_common_s.ep.rosidl_typesupport_fastrtps_c.c.o[0m
[5.350s] [ 93%] [32m[1mLinking C shared library rosidl_generator_py/common/common_s__rosidl_typesupport_c.cpython-38-x86_64-linux-gnu.so[0m
[5.354s] [ 96%] [32m[1mLinking C shared library rosidl_generator_py/common/common_s__rosidl_typesupport_introspection_c.cpython-38-x86_64-linux-gnu.so[0m
[5.356s] [100%] [32m[1mLinking CXX shared library rosidl_generator_py/common/common_s__rosidl_typesupport_fastrtps_c.cpython-38-x86_64-linux-gnu.so[0m
[5.391s] [100%] Built target common__rosidl_typesupport_c__pyext
[5.395s] [100%] Built target common__rosidl_typesupport_introspection_c__pyext
[5.431s] [100%] Built target common__rosidl_typesupport_fastrtps_c__pyext
[5.444s] Invoked command in '/home/jeison/T800-SunnyBOT/ros_ws/build/common' returned '0': CMAKE_PREFIX_PATH=/opt/ros/foxy /usr/bin/cmake --build /home/jeison/T800-SunnyBOT/ros_ws/build/common -- -j8 -l8
[5.501s] Invoking command in '/home/jeison/T800-SunnyBOT/ros_ws/build/common': CMAKE_PREFIX_PATH=/opt/ros/foxy /usr/bin/cmake --install /home/jeison/T800-SunnyBOT/ros_ws/build/common
[5.512s] -- Install configuration: ""
[5.512s] -- Installing: /home/jeison/T800-SunnyBOT/ros_ws/install/common/share/ament_index/resource_index/rosidl_interfaces/common
[5.512s] -- Installing: /home/jeison/T800-SunnyBOT/ros_ws/install/common/include/common
[5.512s] -- Installing: /home/jeison/T800-SunnyBOT/ros_ws/install/common/include/common/msg
[5.512s] -- Installing: /home/jeison/T800-SunnyBOT/ros_ws/install/common/include/common/msg/rosidl_generator_c__visibility_control.h
[5.512s] -- Installing: /home/jeison/T800-SunnyBOT/ros_ws/install/common/include/common/msg/detail
[5.513s] -- Installing: /home/jeison/T800-SunnyBOT/ros_ws/install/common/include/common/msg/detail/wheels__struct.h
[5.513s] -- Installing: /home/jeison/T800-SunnyBOT/ros_ws/install/common/include/common/msg/detail/wheels__functions.c
[5.513s] -- Installing: /home/jeison/T800-SunnyBOT/ros_ws/install/common/include/common/msg/detail/wheels__functions.h
[5.513s] -- Installing: /home/jeison/T800-SunnyBOT/ros_ws/install/common/include/common/msg/detail/wheels__type_support.h
[5.513s] -- Installing: /home/jeison/T800-SunnyBOT/ros_ws/install/common/include/common/msg/wheels.h
[5.513s] -- Installing: /home/jeison/T800-SunnyBOT/ros_ws/install/common/share/common/environment/library_path.sh
[5.513s] -- Installing: /home/jeison/T800-SunnyBOT/ros_ws/install/common/share/common/environment/library_path.dsv
[5.513s] -- Installing: /home/jeison/T800-SunnyBOT/ros_ws/install/common/lib/libcommon__rosidl_generator_c.so
[5.514s] -- Set runtime path of "/home/jeison/T800-SunnyBOT/ros_ws/install/common/lib/libcommon__rosidl_generator_c.so" to ""
[5.514s] -- Up-to-date: /home/jeison/T800-SunnyBOT/ros_ws/install/common/include/common
[5.514s] -- Up-to-date: /home/jeison/T800-SunnyBOT/ros_ws/install/common/include/common/msg
[5.514s] -- Installing: /home/jeison/T800-SunnyBOT/ros_ws/install/common/include/common/msg/rosidl_typesupport_fastrtps_c__visibility_control.h
[5.514s] -- Up-to-date: /home/jeison/T800-SunnyBOT/ros_ws/install/common/include/common/msg/detail
[5.514s] -- Installing: /home/jeison/T800-SunnyBOT/ros_ws/install/common/include/common/msg/detail/wheels__rosidl_typesupport_fastrtps_c.h
[5.514s] -- Installing: /home/jeison/T800-SunnyBOT/ros_ws/install/common/lib/libcommon__rosidl_typesupport_fastrtps_c.so
[5.514s] -- Set runtime path of "/home/jeison/T800-SunnyBOT/ros_ws/install/common/lib/libcommon__rosidl_typesupport_fastrtps_c.so" to ""
[5.514s] -- Up-to-date: /home/jeison/T800-SunnyBOT/ros_ws/install/common/include/common
[5.514s] -- Up-to-date: /home/jeison/T800-SunnyBOT/ros_ws/install/common/include/common/msg
[5.514s] -- Installing: /home/jeison/T800-SunnyBOT/ros_ws/install/common/include/common/msg/rosidl_typesupport_fastrtps_cpp__visibility_control.h
[5.515s] -- Up-to-date: /home/jeison/T800-SunnyBOT/ros_ws/install/common/include/common/msg/detail
[5.515s] -- Installing: /home/jeison/T800-SunnyBOT/ros_ws/install/common/include/common/msg/detail/dds_fastrtps
[5.515s] -- Installing: /home/jeison/T800-SunnyBOT/ros_ws/install/common/include/common/msg/detail/wheels__rosidl_typesupport_fastrtps_cpp.hpp
[5.515s] -- Installing: /home/jeison/T800-SunnyBOT/ros_ws/install/common/lib/libcommon__rosidl_typesupport_fastrtps_cpp.so
[5.515s] -- Set runtime path of "/home/jeison/T800-SunnyBOT/ros_ws/install/common/lib/libcommon__rosidl_typesupport_fastrtps_cpp.so" to ""
[5.515s] -- Up-to-date: /home/jeison/T800-SunnyBOT/ros_ws/install/common/include/common
[5.516s] -- Up-to-date: /home/jeison/T800-SunnyBOT/ros_ws/install/common/include/common/msg
[5.516s] -- Up-to-date: /home/jeison/T800-SunnyBOT/ros_ws/install/common/include/common/msg/detail
[5.516s] -- Installing: /home/jeison/T800-SunnyBOT/ros_ws/install/common/include/common/msg/detail/wheels__rosidl_typesupport_introspection_c.h
[5.516s] -- Installing: /home/jeison/T800-SunnyBOT/ros_ws/install/common/include/common/msg/detail/wheels__type_support.c
[5.516s] -- Installing: /home/jeison/T800-SunnyBOT/ros_ws/install/common/include/common/msg/rosidl_typesupport_introspection_c__visibility_control.h
[5.516s] -- Installing: /home/jeison/T800-SunnyBOT/ros_ws/install/common/lib/libcommon__rosidl_typesupport_introspection_c.so
[5.516s] -- Set runtime path of "/home/jeison/T800-SunnyBOT/ros_ws/install/common/lib/libcommon__rosidl_typesupport_introspection_c.so" to ""
[5.516s] -- Installing: /home/jeison/T800-SunnyBOT/ros_ws/install/common/lib/libcommon__rosidl_typesupport_c.so
[5.517s] -- Set runtime path of "/home/jeison/T800-SunnyBOT/ros_ws/install/common/lib/libcommon__rosidl_typesupport_c.so" to ""
[5.517s] -- Up-to-date: /home/jeison/T800-SunnyBOT/ros_ws/install/common/include/common
[5.517s] -- Up-to-date: /home/jeison/T800-SunnyBOT/ros_ws/install/common/include/common/msg
[5.517s] -- Up-to-date: /home/jeison/T800-SunnyBOT/ros_ws/install/common/include/common/msg/detail
[5.517s] -- Installing: /home/jeison/T800-SunnyBOT/ros_ws/install/common/include/common/msg/detail/wheels__struct.hpp
[5.517s] -- Installing: /home/jeison/T800-SunnyBOT/ros_ws/install/common/include/common/msg/detail/wheels__traits.hpp
[5.517s] -- Installing: /home/jeison/T800-SunnyBOT/ros_ws/install/common/include/common/msg/detail/wheels__builder.hpp
[5.517s] -- Installing: /home/jeison/T800-SunnyBOT/ros_ws/install/common/include/common/msg/wheels.hpp
[5.518s] -- Up-to-date: /home/jeison/T800-SunnyBOT/ros_ws/install/common/include/common
[5.518s] -- Up-to-date: /home/jeison/T800-SunnyBOT/ros_ws/install/common/include/common/msg
[5.518s] -- Up-to-date: /home/jeison/T800-SunnyBOT/ros_ws/install/common/include/common/msg/detail
[5.518s] -- Installing: /home/jeison/T800-SunnyBOT/ros_ws/install/common/include/common/msg/detail/wheels__rosidl_typesupport_introspection_cpp.hpp
[5.518s] -- Installing: /home/jeison/T800-SunnyBOT/ros_ws/install/common/include/common/msg/detail/wheels__type_support.cpp
[5.518s] -- Installing: /home/jeison/T800-SunnyBOT/ros_ws/install/common/lib/libcommon__rosidl_typesupport_introspection_cpp.so
[5.518s] -- Set runtime path of "/home/jeison/T800-SunnyBOT/ros_ws/install/common/lib/libcommon__rosidl_typesupport_introspection_cpp.so" to ""
[5.518s] -- Installing: /home/jeison/T800-SunnyBOT/ros_ws/install/common/lib/libcommon__rosidl_typesupport_cpp.so
[5.519s] -- Set runtime path of "/home/jeison/T800-SunnyBOT/ros_ws/install/common/lib/libcommon__rosidl_typesupport_cpp.so" to ""
[5.519s] -- Installing: /home/jeison/T800-SunnyBOT/ros_ws/install/common/share/common/environment/pythonpath.sh
[5.519s] -- Installing: /home/jeison/T800-SunnyBOT/ros_ws/install/common/share/common/environment/pythonpath.dsv
[5.519s] -- Installing: /home/jeison/T800-SunnyBOT/ros_ws/install/common/lib/python3.8/site-packages/common/__init__.py
[5.580s] Compiling '/home/jeison/T800-SunnyBOT/ros_ws/install/common/lib/python3.8/site-packages/common/__init__.py'...
[5.584s] -- Installing: /home/jeison/T800-SunnyBOT/ros_ws/install/common/lib/python3.8/site-packages/common/msg
[5.584s] -- Installing: /home/jeison/T800-SunnyBOT/ros_ws/install/common/lib/python3.8/site-packages/common/msg/_wheels.py
[5.585s] -- Installing: /home/jeison/T800-SunnyBOT/ros_ws/install/common/lib/python3.8/site-packages/common/msg/__init__.py
[5.585s] -- Installing: /home/jeison/T800-SunnyBOT/ros_ws/install/common/lib/python3.8/site-packages/common/msg/_wheels_s.c
[5.585s] -- Installing: /home/jeison/T800-SunnyBOT/ros_ws/install/common/lib/python3.8/site-packages/common/common_s__rosidl_typesupport_fastrtps_c.cpython-38-x86_64-linux-gnu.so
[5.585s] -- Set runtime path of "/home/jeison/T800-SunnyBOT/ros_ws/install/common/lib/python3.8/site-packages/common/common_s__rosidl_typesupport_fastrtps_c.cpython-38-x86_64-linux-gnu.so" to ""
[5.586s] -- Installing: /home/jeison/T800-SunnyBOT/ros_ws/install/common/lib/python3.8/site-packages/common/common_s__rosidl_typesupport_introspection_c.cpython-38-x86_64-linux-gnu.so
[5.586s] -- Set runtime path of "/home/jeison/T800-SunnyBOT/ros_ws/install/common/lib/python3.8/site-packages/common/common_s__rosidl_typesupport_introspection_c.cpython-38-x86_64-linux-gnu.so" to ""
[5.586s] -- Installing: /home/jeison/T800-SunnyBOT/ros_ws/install/common/lib/python3.8/site-packages/common/common_s__rosidl_typesupport_c.cpython-38-x86_64-linux-gnu.so
[5.587s] -- Set runtime path of "/home/jeison/T800-SunnyBOT/ros_ws/install/common/lib/python3.8/site-packages/common/common_s__rosidl_typesupport_c.cpython-38-x86_64-linux-gnu.so" to ""
[5.587s] -- Installing: /home/jeison/T800-SunnyBOT/ros_ws/install/common/lib/libcommon__python.so
[5.587s] -- Set runtime path of "/home/jeison/T800-SunnyBOT/ros_ws/install/common/lib/libcommon__python.so" to ""
[5.587s] -- Installing: /home/jeison/T800-SunnyBOT/ros_ws/install/common/share/common/msg/Wheels.idl
[5.588s] -- Installing: /home/jeison/T800-SunnyBOT/ros_ws/install/common/share/common/msg/Wheels.msg
[5.588s] -- Installing: /home/jeison/T800-SunnyBOT/ros_ws/install/common/share/ament_index/resource_index/package_run_dependencies/common
[5.588s] -- Installing: /home/jeison/T800-SunnyBOT/ros_ws/install/common/share/ament_index/resource_index/parent_prefix_path/common
[5.588s] -- Installing: /home/jeison/T800-SunnyBOT/ros_ws/install/common/share/common/environment/ament_prefix_path.sh
[5.588s] -- Installing: /home/jeison/T800-SunnyBOT/ros_ws/install/common/share/common/environment/ament_prefix_path.dsv
[5.588s] -- Installing: /home/jeison/T800-SunnyBOT/ros_ws/install/common/share/common/environment/path.sh
[5.588s] -- Installing: /home/jeison/T800-SunnyBOT/ros_ws/install/common/share/common/environment/path.dsv
[5.588s] -- Installing: /home/jeison/T800-SunnyBOT/ros_ws/install/common/share/common/local_setup.bash
[5.589s] -- Installing: /home/jeison/T800-SunnyBOT/ros_ws/install/common/share/common/local_setup.sh
[5.589s] -- Installing: /home/jeison/T800-SunnyBOT/ros_ws/install/common/share/common/local_setup.zsh
[5.589s] -- Installing: /home/jeison/T800-SunnyBOT/ros_ws/install/common/share/common/local_setup.dsv
[5.589s] -- Installing: /home/jeison/T800-SunnyBOT/ros_ws/install/common/share/common/package.dsv
[5.589s] -- Installing: /home/jeison/T800-SunnyBOT/ros_ws/install/common/share/ament_index/resource_index/packages/common
[5.589s] -- Installing: /home/jeison/T800-SunnyBOT/ros_ws/install/common/share/common/cmake/common__rosidl_generator_cExport.cmake
[5.589s] -- Installing: /home/jeison/T800-SunnyBOT/ros_ws/install/common/share/common/cmake/common__rosidl_generator_cExport-noconfig.cmake
[5.590s] -- Installing: /home/jeison/T800-SunnyBOT/ros_ws/install/common/share/common/cmake/common__rosidl_typesupport_introspection_cExport.cmake
[5.590s] -- Installing: /home/jeison/T800-SunnyBOT/ros_ws/install/common/share/common/cmake/common__rosidl_typesupport_introspection_cExport-noconfig.cmake
[5.590s] -- Installing: /home/jeison/T800-SunnyBOT/ros_ws/install/common/share/common/cmake/common__rosidl_typesupport_cExport.cmake
[5.590s] -- Installing: /home/jeison/T800-SunnyBOT/ros_ws/install/common/share/common/cmake/common__rosidl_typesupport_cExport-noconfig.cmake
[5.590s] -- Installing: /home/jeison/T800-SunnyBOT/ros_ws/install/common/share/common/cmake/common__rosidl_generator_cppExport.cmake
[5.591s] -- Installing: /home/jeison/T800-SunnyBOT/ros_ws/install/common/share/common/cmake/common__rosidl_typesupport_introspection_cppExport.cmake
[5.591s] -- Installing: /home/jeison/T800-SunnyBOT/ros_ws/install/common/share/common/cmake/common__rosidl_typesupport_introspection_cppExport-noconfig.cmake
[5.591s] -- Installing: /home/jeison/T800-SunnyBOT/ros_ws/install/common/share/common/cmake/common__rosidl_typesupport_cppExport.cmake
[5.591s] -- Installing: /home/jeison/T800-SunnyBOT/ros_ws/install/common/share/common/cmake/common__rosidl_typesupport_cppExport-noconfig.cmake
[5.591s] -- Installing: /home/jeison/T800-SunnyBOT/ros_ws/install/common/share/common/cmake/rosidl_cmake-extras.cmake
[5.591s] -- Installing: /home/jeison/T800-SunnyBOT/ros_ws/install/common/share/common/cmake/ament_cmake_export_dependencies-extras.cmake
[5.591s] -- Installing: /home/jeison/T800-SunnyBOT/ros_ws/install/common/share/common/cmake/ament_cmake_export_libraries-extras.cmake
[5.591s] -- Installing: /home/jeison/T800-SunnyBOT/ros_ws/install/common/share/common/cmake/ament_cmake_export_targets-extras.cmake
[5.592s] -- Installing: /home/jeison/T800-SunnyBOT/ros_ws/install/common/share/common/cmake/ament_cmake_export_include_directories-extras.cmake
[5.592s] -- Installing: /home/jeison/T800-SunnyBOT/ros_ws/install/common/share/common/cmake/rosidl_cmake_export_typesupport_libraries-extras.cmake
[5.592s] -- Installing: /home/jeison/T800-SunnyBOT/ros_ws/install/common/share/common/cmake/rosidl_cmake_export_typesupport_targets-extras.cmake
[5.592s] -- Installing: /home/jeison/T800-SunnyBOT/ros_ws/install/common/share/common/cmake/commonConfig.cmake
[5.592s] -- Installing: /home/jeison/T800-SunnyBOT/ros_ws/install/common/share/common/cmake/commonConfig-version.cmake
[5.592s] -- Installing: /home/jeison/T800-SunnyBOT/ros_ws/install/common/share/common/package.xml
[5.596s] Invoked command in '/home/jeison/T800-SunnyBOT/ros_ws/build/common' returned '0': CMAKE_PREFIX_PATH=/opt/ros/foxy /usr/bin/cmake --install /home/jeison/T800-SunnyBOT/ros_ws/build/common
