[0.146s] DEBUG:colcon:Command line arguments: ['/usr/bin/colcon', 'build']
[0.146s] DEBUG:colcon:Parsed command line arguments: Namespace(ament_cmake_args=None, base_paths=['.'], build_base='build', catkin_cmake_args=None, catkin_skip_building_tests=False, cmake_args=None, cmake_clean_cache=False, cmake_clean_first=False, cmake_force_configure=False, cmake_target=None, cmake_target_skip_unavailable=False, continue_on_error=False, event_handlers=None, executor='parallel', ignore_user_meta=False, install_base='install', log_base=None, log_level=None, main=<bound method BuildVerb.main of <colcon_core.verb.build.BuildVerb object at 0x7f4b05692bb0>>, merge_install=False, metas=['./colcon.meta'], packages_above=None, packages_above_and_dependencies=None, packages_above_depth=None, packages_end=None, packages_ignore=None, packages_ignore_regex=None, packages_select=None, packages_select_build_failed=False, packages_select_by_dep=None, packages_select_regex=None, packages_select_test_failures=False, packages_skip=None, packages_skip_build_finished=False, packages_skip_by_dep=None, packages_skip_regex=None, packages_skip_test_passed=False, packages_skip_up_to=None, packages_start=None, packages_up_to=None, packages_up_to_regex=None, parallel_workers=8, paths=None, symlink_install=False, test_result_base=None, verb_extension=<colcon_core.verb.build.BuildVerb object at 0x7f4b05692bb0>, verb_name='build', verb_parser=<colcon_defaults.argument_parser.defaults.DefaultArgumentsDecorator object at 0x7f4b056a1160>)
[0.150s] Level 1:colcon.colcon_core.package_discovery:discover_packages(colcon_meta) check parameters
[0.150s] Level 1:colcon.colcon_core.package_discovery:discover_packages(recursive) check parameters
[0.151s] Level 1:colcon.colcon_core.package_discovery:discover_packages(ignore) check parameters
[0.151s] Level 1:colcon.colcon_core.package_discovery:discover_packages(path) check parameters
[0.151s] Level 1:colcon.colcon_core.package_discovery:discover_packages(colcon_meta) discover
[0.151s] Level 1:colcon.colcon_core.package_discovery:discover_packages(recursive) discover
[0.151s] INFO:colcon.colcon_core.package_discovery:Crawling recursively for packages in '/home/jeison/T800-SunnyBOT/ros_ws'
[0.151s] Level 1:colcon.colcon_core.package_identification:_identify(.) by extensions ['ignore', 'ignore_ament_install']
[0.151s] Level 1:colcon.colcon_core.package_identification:_identify(.) by extension 'ignore'
[0.151s] Level 1:colcon.colcon_core.package_identification:_identify(.) by extension 'ignore_ament_install'
[0.151s] Level 1:colcon.colcon_core.package_identification:_identify(.) by extensions ['colcon_pkg']
[0.151s] Level 1:colcon.colcon_core.package_identification:_identify(.) by extension 'colcon_pkg'
[0.151s] Level 1:colcon.colcon_core.package_identification:_identify(.) by extensions ['colcon_meta']
[0.151s] Level 1:colcon.colcon_core.package_identification:_identify(.) by extension 'colcon_meta'
[0.151s] Level 1:colcon.colcon_core.package_identification:_identify(.) by extensions ['ros']
[0.151s] Level 1:colcon.colcon_core.package_identification:_identify(.) by extension 'ros'
[0.161s] Level 1:colcon.colcon_core.package_identification:_identify(.) by extensions ['cmake', 'python']
[0.162s] Level 1:colcon.colcon_core.package_identification:_identify(.) by extension 'cmake'
[0.162s] Level 1:colcon.colcon_core.package_identification:_identify(.) by extension 'python'
[0.162s] Level 1:colcon.colcon_core.package_identification:_identify(.) by extensions ['python_setup_py']
[0.162s] Level 1:colcon.colcon_core.package_identification:_identify(.) by extension 'python_setup_py'
[0.162s] Level 1:colcon.colcon_core.package_identification:_identify(build) by extensions ['ignore', 'ignore_ament_install']
[0.162s] Level 1:colcon.colcon_core.package_identification:_identify(build) by extension 'ignore'
[0.162s] Level 1:colcon.colcon_core.package_identification:_identify(build) ignored
[0.162s] Level 1:colcon.colcon_core.package_identification:_identify(install) by extensions ['ignore', 'ignore_ament_install']
[0.162s] Level 1:colcon.colcon_core.package_identification:_identify(install) by extension 'ignore'
[0.162s] Level 1:colcon.colcon_core.package_identification:_identify(install) ignored
[0.162s] Level 1:colcon.colcon_core.package_identification:_identify(log) by extensions ['ignore', 'ignore_ament_install']
[0.162s] Level 1:colcon.colcon_core.package_identification:_identify(log) by extension 'ignore'
[0.162s] Level 1:colcon.colcon_core.package_identification:_identify(log) ignored
[0.163s] Level 1:colcon.colcon_core.package_identification:_identify(src) by extensions ['ignore', 'ignore_ament_install']
[0.163s] Level 1:colcon.colcon_core.package_identification:_identify(src) by extension 'ignore'
[0.163s] Level 1:colcon.colcon_core.package_identification:_identify(src) by extension 'ignore_ament_install'
[0.163s] Level 1:colcon.colcon_core.package_identification:_identify(src) by extensions ['colcon_pkg']
[0.163s] Level 1:colcon.colcon_core.package_identification:_identify(src) by extension 'colcon_pkg'
[0.163s] Level 1:colcon.colcon_core.package_identification:_identify(src) by extensions ['colcon_meta']
[0.163s] Level 1:colcon.colcon_core.package_identification:_identify(src) by extension 'colcon_meta'
[0.163s] Level 1:colcon.colcon_core.package_identification:_identify(src) by extensions ['ros']
[0.163s] Level 1:colcon.colcon_core.package_identification:_identify(src) by extension 'ros'
[0.163s] Level 1:colcon.colcon_core.package_identification:_identify(src) by extensions ['cmake', 'python']
[0.163s] Level 1:colcon.colcon_core.package_identification:_identify(src) by extension 'cmake'
[0.163s] Level 1:colcon.colcon_core.package_identification:_identify(src) by extension 'python'
[0.163s] Level 1:colcon.colcon_core.package_identification:_identify(src) by extensions ['python_setup_py']
[0.163s] Level 1:colcon.colcon_core.package_identification:_identify(src) by extension 'python_setup_py'
[0.163s] Level 1:colcon.colcon_core.package_identification:_identify(src/common) by extensions ['ignore', 'ignore_ament_install']
[0.163s] Level 1:colcon.colcon_core.package_identification:_identify(src/common) by extension 'ignore'
[0.163s] Level 1:colcon.colcon_core.package_identification:_identify(src/common) by extension 'ignore_ament_install'
[0.163s] Level 1:colcon.colcon_core.package_identification:_identify(src/common) by extensions ['colcon_pkg']
[0.163s] Level 1:colcon.colcon_core.package_identification:_identify(src/common) by extension 'colcon_pkg'
[0.163s] Level 1:colcon.colcon_core.package_identification:_identify(src/common) by extensions ['colcon_meta']
[0.164s] Level 1:colcon.colcon_core.package_identification:_identify(src/common) by extension 'colcon_meta'
[0.164s] Level 1:colcon.colcon_core.package_identification:_identify(src/common) by extensions ['ros']
[0.164s] Level 1:colcon.colcon_core.package_identification:_identify(src/common) by extension 'ros'
[0.166s] DEBUG:colcon.colcon_core.package_identification:Package 'src/common' with type 'ros.ament_cmake' and name 'common'
[0.167s] Level 1:colcon.colcon_core.package_identification:_identify(src/differential-drive) by extensions ['ignore', 'ignore_ament_install']
[0.167s] Level 1:colcon.colcon_core.package_identification:_identify(src/differential-drive) by extension 'ignore'
[0.167s] Level 1:colcon.colcon_core.package_identification:_identify(src/differential-drive) by extension 'ignore_ament_install'
[0.167s] Level 1:colcon.colcon_core.package_identification:_identify(src/differential-drive) by extensions ['colcon_pkg']
[0.167s] Level 1:colcon.colcon_core.package_identification:_identify(src/differential-drive) by extension 'colcon_pkg'
[0.167s] Level 1:colcon.colcon_core.package_identification:_identify(src/differential-drive) by extensions ['colcon_meta']
[0.167s] Level 1:colcon.colcon_core.package_identification:_identify(src/differential-drive) by extension 'colcon_meta'
[0.167s] Level 1:colcon.colcon_core.package_identification:_identify(src/differential-drive) by extensions ['ros']
[0.167s] Level 1:colcon.colcon_core.package_identification:_identify(src/differential-drive) by extension 'ros'
[0.168s] DEBUG:colcon.colcon_core.package_identification:Package 'src/differential-drive' with type 'ros.ament_python' and name 'differential_drive'
[0.168s] Level 1:colcon.colcon_core.package_discovery:discover_packages(recursive) using defaults
[0.168s] Level 1:colcon.colcon_core.package_discovery:discover_packages(ignore) discover
[0.168s] Level 1:colcon.colcon_core.package_discovery:discover_packages(ignore) using defaults
[0.168s] Level 1:colcon.colcon_core.package_discovery:discover_packages(path) discover
[0.168s] Level 1:colcon.colcon_core.package_discovery:discover_packages(path) using defaults
[0.186s] Level 5:colcon.colcon_core.verb:set package 'common' build argument 'cmake_args' from command line to 'None'
[0.186s] Level 5:colcon.colcon_core.verb:set package 'common' build argument 'cmake_target' from command line to 'None'
[0.186s] Level 5:colcon.colcon_core.verb:set package 'common' build argument 'cmake_target_skip_unavailable' from command line to 'False'
[0.186s] Level 5:colcon.colcon_core.verb:set package 'common' build argument 'cmake_clean_cache' from command line to 'False'
[0.186s] Level 5:colcon.colcon_core.verb:set package 'common' build argument 'cmake_clean_first' from command line to 'False'
[0.186s] Level 5:colcon.colcon_core.verb:set package 'common' build argument 'cmake_force_configure' from command line to 'False'
[0.186s] Level 5:colcon.colcon_core.verb:set package 'common' build argument 'ament_cmake_args' from command line to 'None'
[0.186s] Level 5:colcon.colcon_core.verb:set package 'common' build argument 'catkin_cmake_args' from command line to 'None'
[0.186s] Level 5:colcon.colcon_core.verb:set package 'common' build argument 'catkin_skip_building_tests' from command line to 'False'
[0.186s] DEBUG:colcon.colcon_core.verb:Building package 'common' with the following arguments: {'ament_cmake_args': None, 'build_base': '/home/jeison/T800-SunnyBOT/ros_ws/build/common', 'catkin_cmake_args': None, 'catkin_skip_building_tests': False, 'cmake_args': None, 'cmake_clean_cache': False, 'cmake_clean_first': False, 'cmake_force_configure': False, 'cmake_target': None, 'cmake_target_skip_unavailable': False, 'install_base': '/home/jeison/T800-SunnyBOT/ros_ws/install/common', 'merge_install': False, 'path': '/home/jeison/T800-SunnyBOT/ros_ws/src/common', 'symlink_install': False, 'test_result_base': None}
[0.188s] Level 5:colcon.colcon_core.verb:set package 'differential_drive' build argument 'cmake_args' from command line to 'None'
[0.188s] Level 5:colcon.colcon_core.verb:set package 'differential_drive' build argument 'cmake_target' from command line to 'None'
[0.189s] Level 5:colcon.colcon_core.verb:set package 'differential_drive' build argument 'cmake_target_skip_unavailable' from command line to 'False'
[0.189s] Level 5:colcon.colcon_core.verb:set package 'differential_drive' build argument 'cmake_clean_cache' from command line to 'False'
[0.189s] Level 5:colcon.colcon_core.verb:set package 'differential_drive' build argument 'cmake_clean_first' from command line to 'False'
[0.189s] Level 5:colcon.colcon_core.verb:set package 'differential_drive' build argument 'cmake_force_configure' from command line to 'False'
[0.189s] Level 5:colcon.colcon_core.verb:set package 'differential_drive' build argument 'ament_cmake_args' from command line to 'None'
[0.189s] Level 5:colcon.colcon_core.verb:set package 'differential_drive' build argument 'catkin_cmake_args' from command line to 'None'
[0.189s] Level 5:colcon.colcon_core.verb:set package 'differential_drive' build argument 'catkin_skip_building_tests' from command line to 'False'
[0.189s] DEBUG:colcon.colcon_core.verb:Building package 'differential_drive' with the following arguments: {'ament_cmake_args': None, 'build_base': '/home/jeison/T800-SunnyBOT/ros_ws/build/differential_drive', 'catkin_cmake_args': None, 'catkin_skip_building_tests': False, 'cmake_args': None, 'cmake_clean_cache': False, 'cmake_clean_first': False, 'cmake_force_configure': False, 'cmake_target': None, 'cmake_target_skip_unavailable': False, 'install_base': '/home/jeison/T800-SunnyBOT/ros_ws/install/differential_drive', 'merge_install': False, 'path': '/home/jeison/T800-SunnyBOT/ros_ws/src/differential-drive', 'symlink_install': False, 'test_result_base': None}
[0.189s] INFO:colcon.colcon_core.executor:Executing jobs using 'parallel' executor
[0.191s] DEBUG:colcon.colcon_parallel_executor.executor.parallel:run_until_complete
[0.191s] INFO:colcon.colcon_ros.task.ament_cmake.build:Building ROS package in '/home/jeison/T800-SunnyBOT/ros_ws/src/common' with build type 'ament_cmake'
[0.191s] INFO:colcon.colcon_cmake.task.cmake.build:Building CMake package in '/home/jeison/T800-SunnyBOT/ros_ws/src/common'
[0.196s] INFO:colcon.colcon_core.plugin_system:Skipping extension 'colcon_core.shell.bat': Not used on non-Windows systems
[0.196s] INFO:colcon.colcon_core.shell:Skip shell extension 'powershell' for command environment: Not usable outside of PowerShell
[0.196s] DEBUG:colcon.colcon_core.shell:Skip shell extension 'dsv' for command environment
[0.199s] DEBUG:colcon.colcon_core.shell:Ignoring prefix path '/opt/ros/foxy'
[0.202s] INFO:colcon.colcon_ros.task.ament_python.build:Building ROS package in '/home/jeison/T800-SunnyBOT/ros_ws/src/differential-drive' with build type 'ament_python'
[0.202s] Level 1:colcon.colcon_core.shell:create_environment_hook('differential_drive', 'ament_prefix_path')
[0.203s] INFO:colcon.colcon_core.shell:Creating environment hook '/home/jeison/T800-SunnyBOT/ros_ws/install/differential_drive/share/differential_drive/hook/ament_prefix_path.ps1'
[0.204s] INFO:colcon.colcon_core.shell:Creating environment descriptor '/home/jeison/T800-SunnyBOT/ros_ws/install/differential_drive/share/differential_drive/hook/ament_prefix_path.dsv'
[0.205s] INFO:colcon.colcon_core.shell:Creating environment hook '/home/jeison/T800-SunnyBOT/ros_ws/install/differential_drive/share/differential_drive/hook/ament_prefix_path.sh'
[0.206s] INFO:colcon.colcon_core.shell:Skip shell extension 'powershell' for command environment: Not usable outside of PowerShell
[0.206s] DEBUG:colcon.colcon_core.shell:Skip shell extension 'dsv' for command environment
[0.208s] DEBUG:colcon.colcon_core.shell:Ignoring prefix path '/opt/ros/foxy'
[0.218s] DEBUG:colcon.colcon_core.event_handler.log_command:Invoking command in '/home/jeison/T800-SunnyBOT/ros_ws/build/common': CMAKE_PREFIX_PATH=${CMAKE_PREFIX_PATH}:/home/jeison/T800-SunnyBOT/ros_ws/install/differential_drive:/opt/ros/foxy /usr/bin/cmake --build /home/jeison/T800-SunnyBOT/ros_ws/build/common -- -j8 -l8
[0.483s] INFO:colcon.colcon_core.task.python.build:Building Python package in '/home/jeison/T800-SunnyBOT/ros_ws/src/differential-drive'
[0.484s] INFO:colcon.colcon_core.shell:Skip shell extension 'powershell' for command environment: Not usable outside of PowerShell
[0.484s] DEBUG:colcon.colcon_core.shell:Skip shell extension 'dsv' for command environment
[0.486s] DEBUG:colcon.colcon_core.shell:Ignoring prefix path '/opt/ros/foxy'
[0.492s] DEBUG:colcon.colcon_core.event_handler.log_command:Invoked command in '/home/jeison/T800-SunnyBOT/ros_ws/build/common' returned '0': CMAKE_PREFIX_PATH=${CMAKE_PREFIX_PATH}:/home/jeison/T800-SunnyBOT/ros_ws/install/differential_drive:/opt/ros/foxy /usr/bin/cmake --build /home/jeison/T800-SunnyBOT/ros_ws/build/common -- -j8 -l8
[0.499s] DEBUG:colcon.colcon_core.event_handler.log_command:Invoking command in '/home/jeison/T800-SunnyBOT/ros_ws/src/differential-drive': PYTHONPATH=/home/jeison/T800-SunnyBOT/ros_ws/install/differential_drive/lib/python3.8/site-packages:${PYTHONPATH} /usr/bin/python3 setup.py egg_info --egg-base ../../build/differential_drive build --build-base /home/jeison/T800-SunnyBOT/ros_ws/build/differential_drive/build install --prefix /home/jeison/T800-SunnyBOT/ros_ws/install/differential_drive --record /home/jeison/T800-SunnyBOT/ros_ws/build/differential_drive/install.log --single-version-externally-managed
[0.554s] DEBUG:colcon.colcon_core.event_handler.log_command:Invoking command in '/home/jeison/T800-SunnyBOT/ros_ws/build/common': CMAKE_PREFIX_PATH=${CMAKE_PREFIX_PATH}:/home/jeison/T800-SunnyBOT/ros_ws/install/differential_drive:/opt/ros/foxy /usr/bin/cmake --install /home/jeison/T800-SunnyBOT/ros_ws/build/common
[0.609s] Level 1:colcon.colcon_core.environment:create_environment_scripts_only(common)
[0.610s] DEBUG:colcon.colcon_core.event_handler.log_command:Invoked command in '/home/jeison/T800-SunnyBOT/ros_ws/build/common' returned '0': CMAKE_PREFIX_PATH=${CMAKE_PREFIX_PATH}:/home/jeison/T800-SunnyBOT/ros_ws/install/differential_drive:/opt/ros/foxy /usr/bin/cmake --install /home/jeison/T800-SunnyBOT/ros_ws/build/common
[0.613s] Level 1:colcon.colcon_core.environment:checking '/home/jeison/T800-SunnyBOT/ros_ws/install/common' for CMake module files
[0.614s] Level 1:colcon.colcon_core.environment:checking '/home/jeison/T800-SunnyBOT/ros_ws/install/common' for CMake config files
[0.614s] Level 1:colcon.colcon_core.shell:create_environment_hook('common', 'cmake_prefix_path')
[0.615s] INFO:colcon.colcon_core.shell:Creating environment hook '/home/jeison/T800-SunnyBOT/ros_ws/install/common/share/common/hook/cmake_prefix_path.ps1'
[0.615s] INFO:colcon.colcon_core.shell:Creating environment descriptor '/home/jeison/T800-SunnyBOT/ros_ws/install/common/share/common/hook/cmake_prefix_path.dsv'
[0.615s] INFO:colcon.colcon_core.shell:Creating environment hook '/home/jeison/T800-SunnyBOT/ros_ws/install/common/share/common/hook/cmake_prefix_path.sh'
[0.616s] Level 1:colcon.colcon_core.environment:checking '/home/jeison/T800-SunnyBOT/ros_ws/install/common/lib'
[0.616s] Level 1:colcon.colcon_core.shell:create_environment_hook('common', 'ld_library_path_lib')
[0.618s] INFO:colcon.colcon_core.shell:Creating environment hook '/home/jeison/T800-SunnyBOT/ros_ws/install/common/share/common/hook/ld_library_path_lib.ps1'
[0.618s] INFO:colcon.colcon_core.shell:Creating environment descriptor '/home/jeison/T800-SunnyBOT/ros_ws/install/common/share/common/hook/ld_library_path_lib.dsv'
[0.619s] INFO:colcon.colcon_core.shell:Creating environment hook '/home/jeison/T800-SunnyBOT/ros_ws/install/common/share/common/hook/ld_library_path_lib.sh'
[0.619s] Level 1:colcon.colcon_core.environment:checking '/home/jeison/T800-SunnyBOT/ros_ws/install/common/bin'
[0.619s] Level 1:colcon.colcon_core.environment:checking '/home/jeison/T800-SunnyBOT/ros_ws/install/common/lib/pkgconfig/common.pc'
[0.619s] Level 1:colcon.colcon_core.environment:checking '/home/jeison/T800-SunnyBOT/ros_ws/install/common/lib/python3.8/site-packages'
[0.619s] Level 1:colcon.colcon_core.shell:create_environment_hook('common', 'pythonpath')
[0.620s] INFO:colcon.colcon_core.shell:Creating environment hook '/home/jeison/T800-SunnyBOT/ros_ws/install/common/share/common/hook/pythonpath.ps1'
[0.620s] INFO:colcon.colcon_core.shell:Creating environment descriptor '/home/jeison/T800-SunnyBOT/ros_ws/install/common/share/common/hook/pythonpath.dsv'
[0.620s] INFO:colcon.colcon_core.shell:Creating environment hook '/home/jeison/T800-SunnyBOT/ros_ws/install/common/share/common/hook/pythonpath.sh'
[0.621s] INFO:colcon.colcon_core.shell:Creating package script '/home/jeison/T800-SunnyBOT/ros_ws/install/common/share/common/package.ps1'
[0.622s] INFO:colcon.colcon_core.shell:Creating package descriptor '/home/jeison/T800-SunnyBOT/ros_ws/install/common/share/common/package.dsv'
[0.623s] INFO:colcon.colcon_core.shell:Creating package script '/home/jeison/T800-SunnyBOT/ros_ws/install/common/share/common/package.sh'
[0.715s] INFO:colcon.colcon_core.shell:Creating package script '/home/jeison/T800-SunnyBOT/ros_ws/install/common/share/common/package.bash'
[0.716s] INFO:colcon.colcon_core.shell:Creating package script '/home/jeison/T800-SunnyBOT/ros_ws/install/common/share/common/package.zsh'
[0.717s] Level 1:colcon.colcon_core.environment:create_file_with_runtime_dependencies(/home/jeison/T800-SunnyBOT/ros_ws/install/common/share/colcon-core/packages/common)
[0.764s] Level 1:colcon.colcon_core.environment:create_environment_scripts_only(common)
[0.765s] Level 1:colcon.colcon_core.environment:checking '/home/jeison/T800-SunnyBOT/ros_ws/install/common' for CMake module files
[0.765s] Level 1:colcon.colcon_core.environment:checking '/home/jeison/T800-SunnyBOT/ros_ws/install/common' for CMake config files
[0.766s] Level 1:colcon.colcon_core.shell:create_environment_hook('common', 'cmake_prefix_path')
[0.766s] INFO:colcon.colcon_core.shell:Creating environment hook '/home/jeison/T800-SunnyBOT/ros_ws/install/common/share/common/hook/cmake_prefix_path.ps1'
[0.767s] INFO:colcon.colcon_core.shell:Creating environment descriptor '/home/jeison/T800-SunnyBOT/ros_ws/install/common/share/common/hook/cmake_prefix_path.dsv'
[0.767s] INFO:colcon.colcon_core.shell:Creating environment hook '/home/jeison/T800-SunnyBOT/ros_ws/install/common/share/common/hook/cmake_prefix_path.sh'
[0.768s] Level 1:colcon.colcon_core.environment:checking '/home/jeison/T800-SunnyBOT/ros_ws/install/common/lib'
[0.768s] Level 1:colcon.colcon_core.shell:create_environment_hook('common', 'ld_library_path_lib')
[0.769s] INFO:colcon.colcon_core.shell:Creating environment hook '/home/jeison/T800-SunnyBOT/ros_ws/install/common/share/common/hook/ld_library_path_lib.ps1'
[0.769s] INFO:colcon.colcon_core.shell:Creating environment descriptor '/home/jeison/T800-SunnyBOT/ros_ws/install/common/share/common/hook/ld_library_path_lib.dsv'
[0.769s] INFO:colcon.colcon_core.shell:Creating environment hook '/home/jeison/T800-SunnyBOT/ros_ws/install/common/share/common/hook/ld_library_path_lib.sh'
[0.770s] Level 1:colcon.colcon_core.environment:checking '/home/jeison/T800-SunnyBOT/ros_ws/install/common/bin'
[0.770s] Level 1:colcon.colcon_core.environment:checking '/home/jeison/T800-SunnyBOT/ros_ws/install/common/lib/pkgconfig/common.pc'
[0.770s] Level 1:colcon.colcon_core.environment:checking '/home/jeison/T800-SunnyBOT/ros_ws/install/common/lib/python3.8/site-packages'
[0.770s] Level 1:colcon.colcon_core.shell:create_environment_hook('common', 'pythonpath')
[0.770s] INFO:colcon.colcon_core.shell:Creating environment hook '/home/jeison/T800-SunnyBOT/ros_ws/install/common/share/common/hook/pythonpath.ps1'
[0.771s] INFO:colcon.colcon_core.shell:Creating environment descriptor '/home/jeison/T800-SunnyBOT/ros_ws/install/common/share/common/hook/pythonpath.dsv'
[0.771s] INFO:colcon.colcon_core.shell:Creating environment hook '/home/jeison/T800-SunnyBOT/ros_ws/install/common/share/common/hook/pythonpath.sh'
[0.772s] INFO:colcon.colcon_core.shell:Creating package script '/home/jeison/T800-SunnyBOT/ros_ws/install/common/share/common/package.ps1'
[0.773s] INFO:colcon.colcon_core.shell:Creating package descriptor '/home/jeison/T800-SunnyBOT/ros_ws/install/common/share/common/package.dsv'
[0.773s] INFO:colcon.colcon_core.shell:Creating package script '/home/jeison/T800-SunnyBOT/ros_ws/install/common/share/common/package.sh'
[0.774s] INFO:colcon.colcon_core.shell:Creating package script '/home/jeison/T800-SunnyBOT/ros_ws/install/common/share/common/package.bash'
[0.774s] INFO:colcon.colcon_core.shell:Creating package script '/home/jeison/T800-SunnyBOT/ros_ws/install/common/share/common/package.zsh'
[0.774s] Level 1:colcon.colcon_core.environment:create_file_with_runtime_dependencies(/home/jeison/T800-SunnyBOT/ros_ws/install/common/share/colcon-core/packages/common)
[0.804s] Level 1:colcon.colcon_core.environment:checking '/home/jeison/T800-SunnyBOT/ros_ws/install/differential_drive' for CMake module files
[0.804s] DEBUG:colcon.colcon_core.event_handler.log_command:Invoked command in '/home/jeison/T800-SunnyBOT/ros_ws/src/differential-drive' returned '0': PYTHONPATH=/home/jeison/T800-SunnyBOT/ros_ws/install/differential_drive/lib/python3.8/site-packages:${PYTHONPATH} /usr/bin/python3 setup.py egg_info --egg-base ../../build/differential_drive build --build-base /home/jeison/T800-SunnyBOT/ros_ws/build/differential_drive/build install --prefix /home/jeison/T800-SunnyBOT/ros_ws/install/differential_drive --record /home/jeison/T800-SunnyBOT/ros_ws/build/differential_drive/install.log --single-version-externally-managed
[0.805s] Level 1:colcon.colcon_core.environment:checking '/home/jeison/T800-SunnyBOT/ros_ws/install/differential_drive' for CMake config files
[0.806s] Level 1:colcon.colcon_core.environment:checking '/home/jeison/T800-SunnyBOT/ros_ws/install/differential_drive/lib'
[0.806s] Level 1:colcon.colcon_core.environment:checking '/home/jeison/T800-SunnyBOT/ros_ws/install/differential_drive/bin'
[0.806s] Level 1:colcon.colcon_core.environment:checking '/home/jeison/T800-SunnyBOT/ros_ws/install/differential_drive/lib/pkgconfig/differential_drive.pc'
[0.806s] Level 1:colcon.colcon_core.environment:checking '/home/jeison/T800-SunnyBOT/ros_ws/install/differential_drive/lib/python3.8/site-packages'
[0.806s] Level 1:colcon.colcon_core.shell:create_environment_hook('differential_drive', 'pythonpath')
[0.807s] INFO:colcon.colcon_core.shell:Creating environment hook '/home/jeison/T800-SunnyBOT/ros_ws/install/differential_drive/share/differential_drive/hook/pythonpath.ps1'
[0.807s] INFO:colcon.colcon_core.shell:Creating environment descriptor '/home/jeison/T800-SunnyBOT/ros_ws/install/differential_drive/share/differential_drive/hook/pythonpath.dsv'
[0.808s] INFO:colcon.colcon_core.shell:Creating environment hook '/home/jeison/T800-SunnyBOT/ros_ws/install/differential_drive/share/differential_drive/hook/pythonpath.sh'
[0.809s] Level 1:colcon.colcon_core.environment:create_environment_scripts_only(differential_drive)
[0.809s] INFO:colcon.colcon_core.shell:Creating package script '/home/jeison/T800-SunnyBOT/ros_ws/install/differential_drive/share/differential_drive/package.ps1'
[0.810s] INFO:colcon.colcon_core.shell:Creating package descriptor '/home/jeison/T800-SunnyBOT/ros_ws/install/differential_drive/share/differential_drive/package.dsv'
[0.811s] INFO:colcon.colcon_core.shell:Creating package script '/home/jeison/T800-SunnyBOT/ros_ws/install/differential_drive/share/differential_drive/package.sh'
[0.811s] INFO:colcon.colcon_core.shell:Creating package script '/home/jeison/T800-SunnyBOT/ros_ws/install/differential_drive/share/differential_drive/package.bash'
[0.811s] INFO:colcon.colcon_core.shell:Creating package script '/home/jeison/T800-SunnyBOT/ros_ws/install/differential_drive/share/differential_drive/package.zsh'
[0.812s] Level 1:colcon.colcon_core.environment:create_file_with_runtime_dependencies(/home/jeison/T800-SunnyBOT/ros_ws/install/differential_drive/share/colcon-core/packages/differential_drive)
[0.812s] DEBUG:colcon.colcon_parallel_executor.executor.parallel:closing loop
[0.812s] DEBUG:colcon.colcon_parallel_executor.executor.parallel:loop closed
[0.812s] DEBUG:colcon.colcon_parallel_executor.executor.parallel:run_until_complete finished with '0'
[0.812s] DEBUG:colcon.colcon_core.event_reactor:joining thread
[0.821s] INFO:colcon.colcon_core.plugin_system:Skipping extension 'colcon_notification.desktop_notification.terminal_notifier': Not used on non-Darwin systems
[0.821s] INFO:colcon.colcon_core.plugin_system:Skipping extension 'colcon_notification.desktop_notification.win32': Not used on non-Windows systems
[0.821s] INFO:colcon.colcon_notification.desktop_notification:Sending desktop notification using 'notify2'
[0.838s] DEBUG:colcon.colcon_core.event_reactor:joined thread
[0.839s] INFO:colcon.colcon_core.shell:Creating prefix script '/home/jeison/T800-SunnyBOT/ros_ws/install/local_setup.ps1'
[0.840s] INFO:colcon.colcon_core.shell:Creating prefix util module '/home/jeison/T800-SunnyBOT/ros_ws/install/_local_setup_util_ps1.py'
[0.842s] INFO:colcon.colcon_core.shell:Creating prefix chain script '/home/jeison/T800-SunnyBOT/ros_ws/install/setup.ps1'
[0.844s] INFO:colcon.colcon_core.shell:Creating prefix script '/home/jeison/T800-SunnyBOT/ros_ws/install/local_setup.sh'
[0.845s] INFO:colcon.colcon_core.shell:Creating prefix util module '/home/jeison/T800-SunnyBOT/ros_ws/install/_local_setup_util_sh.py'
[0.846s] INFO:colcon.colcon_core.shell:Creating prefix chain script '/home/jeison/T800-SunnyBOT/ros_ws/install/setup.sh'
[0.848s] INFO:colcon.colcon_core.shell:Creating prefix script '/home/jeison/T800-SunnyBOT/ros_ws/install/local_setup.bash'
[0.849s] INFO:colcon.colcon_core.shell:Creating prefix chain script '/home/jeison/T800-SunnyBOT/ros_ws/install/setup.bash'
[0.851s] INFO:colcon.colcon_core.shell:Creating prefix script '/home/jeison/T800-SunnyBOT/ros_ws/install/local_setup.zsh'
[0.852s] INFO:colcon.colcon_core.shell:Creating prefix chain script '/home/jeison/T800-SunnyBOT/ros_ws/install/setup.zsh'
