[0.296s] Invoking command in '/home/jeison/T800-SunnyBOT/ros_ws/src/differential-drive': PYTHONPATH=/home/jeison/T800-SunnyBOT/ros_ws/install/differential_drive/lib/python3.8/site-packages:${PYTHONPATH} /usr/bin/python3 setup.py egg_info --egg-base ../../build/differential_drive build --build-base /home/jeison/T800-SunnyBOT/ros_ws/build/differential_drive/build install --prefix /home/jeison/T800-SunnyBOT/ros_ws/install/differential_drive --record /home/jeison/T800-SunnyBOT/ros_ws/build/differential_drive/install.log --single-version-externally-managed
[0.523s] running egg_info
[0.523s] writing ../../build/differential_drive/differential_drive.egg-info/PKG-INFO
[0.524s] writing dependency_links to ../../build/differential_drive/differential_drive.egg-info/dependency_links.txt
[0.524s] writing entry points to ../../build/differential_drive/differential_drive.egg-info/entry_points.txt
[0.524s] writing requirements to ../../build/differential_drive/differential_drive.egg-info/requires.txt
[0.524s] writing top-level names to ../../build/differential_drive/differential_drive.egg-info/top_level.txt
[0.555s] reading manifest file '../../build/differential_drive/differential_drive.egg-info/SOURCES.txt'
[0.556s] writing manifest file '../../build/differential_drive/differential_drive.egg-info/SOURCES.txt'
[0.556s] running build
[0.556s] running build_py
[0.556s] copying differential_drive/odometry.py -> /home/jeison/T800-SunnyBOT/ros_ws/build/differential_drive/build/lib/differential_drive
[0.556s] running install
[0.557s] running install_lib
[0.558s] copying /home/jeison/T800-SunnyBOT/ros_ws/build/differential_drive/build/lib/differential_drive/odometry.py -> /home/jeison/T800-SunnyBOT/ros_ws/install/differential_drive/lib/python3.8/site-packages/differential_drive
[0.558s] byte-compiling /home/jeison/T800-SunnyBOT/ros_ws/install/differential_drive/lib/python3.8/site-packages/differential_drive/odometry.py to odometry.cpython-38.pyc
[0.560s] running install_data
[0.561s] running install_egg_info
[0.562s] removing '/home/jeison/T800-SunnyBOT/ros_ws/install/differential_drive/lib/python3.8/site-packages/differential_drive-0.1.0-py3.8.egg-info' (and everything under it)
[0.562s] Copying ../../build/differential_drive/differential_drive.egg-info to /home/jeison/T800-SunnyBOT/ros_ws/install/differential_drive/lib/python3.8/site-packages/differential_drive-0.1.0-py3.8.egg-info
[0.563s] running install_scripts
[0.579s] Installing kinematics script to /home/jeison/T800-SunnyBOT/ros_ws/install/differential_drive/lib/differential_drive
[0.579s] Installing odometry script to /home/jeison/T800-SunnyBOT/ros_ws/install/differential_drive/lib/differential_drive
[0.579s] Installing pid_velocity script to /home/jeison/T800-SunnyBOT/ros_ws/install/differential_drive/lib/differential_drive
[0.579s] Installing virtual_joystick script to /home/jeison/T800-SunnyBOT/ros_ws/install/differential_drive/lib/differential_drive
[0.579s] writing list of installed files to '/home/jeison/T800-SunnyBOT/ros_ws/build/differential_drive/install.log'
[0.603s] Invoked command in '/home/jeison/T800-SunnyBOT/ros_ws/src/differential-drive' returned '0': PYTHONPATH=/home/jeison/T800-SunnyBOT/ros_ws/install/differential_drive/lib/python3.8/site-packages:${PYTHONPATH} /usr/bin/python3 setup.py egg_info --egg-base ../../build/differential_drive build --build-base /home/jeison/T800-SunnyBOT/ros_ws/build/differential_drive/build install --prefix /home/jeison/T800-SunnyBOT/ros_ws/install/differential_drive --record /home/jeison/T800-SunnyBOT/ros_ws/build/differential_drive/install.log --single-version-externally-managed
